<?xml version="1.0" encoding="UTF-8"?>
<TestRun id="b861ec8e-c79c-44c5-9100-ae9846f7d106" name="WGC@WGC-PC 2014-04-28 16:59:12" runUser="WGC-PC\WGC" xmlns="http://microsoft.com/schemas/VisualStudio/TeamTest/2010">
  <TestSettings name="本地" id="15eaff23-6fdd-4e4a-895b-27afa8f22191">
    <Description>这些设置为本地测试运行的默认测试设置。</Description>
    <Deployment enabled="false" runDeploymentRoot="WGC_WGC-PC 2014-04-28 16_59_12">
      <DeploymentItem filename="D:\git_file\yuanxing3\Prototype2.0\Prototype2.0\bin\Debug\Prototype2.0.exe" />
    </Deployment>
    <Execution>
      <TestTypeSpecific />
      <AgentRule name="Execution Agents">
      </AgentRule>
    </Execution>
  </TestSettings>
  <Times creation="2014-04-28T16:59:12.4726568+08:00" queuing="2014-04-28T16:59:12.5038569+08:00" start="2014-04-28T16:59:12.5194569+08:00" finish="2014-04-28T17:00:35.4562196+08:00" />
  <ResultSummary outcome="Failed">
    <Counters total="7" executed="7" error="0" failed="4" timeout="0" aborted="0" inconclusive="3" passedButRunAborted="0" notRunnable="0" notExecuted="0" disconnected="0" warning="0" passed="0" completed="0" inProgress="0" pending="0" />
    <RunInfos>
      <RunInfo computerName="WGC-PC" outcome="Warning" timestamp="2014-04-28T16:59:12.5038569+08:00">
        <Text>当前已禁用部署。未部署测试“UnitTest.mainTest.OpenMenuTest”中的部署项“Prototype2.0.exe”。</Text>
      </RunInfo>
    </RunInfos>
  </ResultSummary>
  <TestDefinitions>
    <UnitTest name="OpenMenuTest" storage="d:\git_file\yuanxing3\prototype2.0\unittest\bin\debug\unittest.dll" id="3c579dca-6526-fcc0-4fe6-f6984ea5f4d0">
      <DeploymentItems>
        <DeploymentItem filename="Prototype2.0.exe" />
      </DeploymentItems>
      <Execution id="b36f2347-d513-485b-9555-0ca6b1b0b403" />
      <TestMethod codeBase="D:/git_file/yuanxing3/Prototype2.0/UnitTest/bin/Debug/UnitTest.DLL" adapterTypeName="Microsoft.VisualStudio.TestTools.TestTypes.Unit.UnitTestAdapter, Microsoft.VisualStudio.QualityTools.Tips.UnitTest.Adapter, Version=10.0.0.0, Culture=neutral, PublicKeyToken=b03f5f7f11d50a3a" className="UnitTest.mainTest, UnitTest, Version=1.0.0.0, Culture=neutral, PublicKeyToken=null" name="OpenMenuTest" />
    </UnitTest>
    <UnitTest name="RefleshPanelTest" storage="d:\git_file\yuanxing3\prototype2.0\unittest\bin\debug\unittest.dll" id="4bc276d7-37d4-ba5e-baf3-a90dcda2225f">
      <DeploymentItems>
        <DeploymentItem filename="Prototype2.0.exe" />
      </DeploymentItems>
      <Execution id="db3cd278-26ee-4934-9b1f-11059308200f" />
      <TestMethod codeBase="D:/git_file/yuanxing3/Prototype2.0/UnitTest/bin/Debug/UnitTest.DLL" adapterTypeName="Microsoft.VisualStudio.TestTools.TestTypes.Unit.UnitTestAdapter, Microsoft.VisualStudio.QualityTools.Tips.UnitTest.Adapter, Version=10.0.0.0, Culture=neutral, PublicKeyToken=b03f5f7f11d50a3a" className="UnitTest.mainTest, UnitTest, Version=1.0.0.0, Culture=neutral, PublicKeyToken=null" name="RefleshPanelTest" />
    </UnitTest>
    <UnitTest name="ReleaseCaptureTest" storage="d:\git_file\yuanxing3\prototype2.0\unittest\bin\debug\unittest.dll" id="a72556c6-8eae-5013-a74e-4e3217485766">
      <Execution id="27c9cace-aca4-4b84-9e28-1c6e5f16fb11" />
      <TestMethod codeBase="D:/git_file/yuanxing3/Prototype2.0/UnitTest/bin/Debug/UnitTest.DLL" adapterTypeName="Microsoft.VisualStudio.TestTools.TestTypes.Unit.UnitTestAdapter, Microsoft.VisualStudio.QualityTools.Tips.UnitTest.Adapter, Version=10.0.0.0, Culture=neutral, PublicKeyToken=b03f5f7f11d50a3a" className="UnitTest.mainTest, UnitTest, Version=1.0.0.0, Culture=neutral, PublicKeyToken=null" name="ReleaseCaptureTest" />
    </UnitTest>
    <UnitTest name="RefleshZuotifenleiPanelTest" storage="d:\git_file\yuanxing3\prototype2.0\unittest\bin\debug\unittest.dll" id="5d878659-5b6b-8fa1-afc7-652deb57ea29">
      <DeploymentItems>
        <DeploymentItem filename="Prototype2.0.exe" />
      </DeploymentItems>
      <Execution id="49ffee01-458e-44fe-abe6-73ad8764fd3c" />
      <TestMethod codeBase="D:/git_file/yuanxing3/Prototype2.0/UnitTest/bin/Debug/UnitTest.DLL" adapterTypeName="Microsoft.VisualStudio.TestTools.TestTypes.Unit.UnitTestAdapter, Microsoft.VisualStudio.QualityTools.Tips.UnitTest.Adapter, Version=10.0.0.0, Culture=neutral, PublicKeyToken=b03f5f7f11d50a3a" className="UnitTest.mainTest, UnitTest, Version=1.0.0.0, Culture=neutral, PublicKeyToken=null" name="RefleshZuotifenleiPanelTest" />
    </UnitTest>
    <UnitTest name="RefleshMenuTest" storage="d:\git_file\yuanxing3\prototype2.0\unittest\bin\debug\unittest.dll" id="ee88512a-66e8-ecc6-9ac4-f0f9f55ffb7e">
      <DeploymentItems>
        <DeploymentItem filename="Prototype2.0.exe" />
      </DeploymentItems>
      <Execution id="a0b5bf42-68be-4085-bf41-8f928ee3ff19" />
      <TestMethod codeBase="D:/git_file/yuanxing3/Prototype2.0/UnitTest/bin/Debug/UnitTest.DLL" adapterTypeName="Microsoft.VisualStudio.TestTools.TestTypes.Unit.UnitTestAdapter, Microsoft.VisualStudio.QualityTools.Tips.UnitTest.Adapter, Version=10.0.0.0, Culture=neutral, PublicKeyToken=b03f5f7f11d50a3a" className="UnitTest.mainTest, UnitTest, Version=1.0.0.0, Culture=neutral, PublicKeyToken=null" name="RefleshMenuTest" />
    </UnitTest>
    <UnitTest name="RefleshFendoushiPanelTest" storage="d:\git_file\yuanxing3\prototype2.0\unittest\bin\debug\unittest.dll" id="5a4792fc-8627-1142-0cbb-feb167431650">
      <DeploymentItems>
        <DeploymentItem filename="Prototype2.0.exe" />
      </DeploymentItems>
      <Execution id="a5c77245-86dc-43e2-838d-a158b549de4b" />
      <TestMethod codeBase="D:/git_file/yuanxing3/Prototype2.0/UnitTest/bin/Debug/UnitTest.DLL" adapterTypeName="Microsoft.VisualStudio.TestTools.TestTypes.Unit.UnitTestAdapter, Microsoft.VisualStudio.QualityTools.Tips.UnitTest.Adapter, Version=10.0.0.0, Culture=neutral, PublicKeyToken=b03f5f7f11d50a3a" className="UnitTest.mainTest, UnitTest, Version=1.0.0.0, Culture=neutral, PublicKeyToken=null" name="RefleshFendoushiPanelTest" />
    </UnitTest>
    <UnitTest name="RefleshWodexinxiPanelTest" storage="d:\git_file\yuanxing3\prototype2.0\unittest\bin\debug\unittest.dll" id="175339d7-9435-a51d-7b86-ea5e99ead7d4">
      <DeploymentItems>
        <DeploymentItem filename="Prototype2.0.exe" />
      </DeploymentItems>
      <Execution id="a5c852e7-e878-4212-8e64-20319c8c7260" />
      <TestMethod codeBase="D:/git_file/yuanxing3/Prototype2.0/UnitTest/bin/Debug/UnitTest.DLL" adapterTypeName="Microsoft.VisualStudio.TestTools.TestTypes.Unit.UnitTestAdapter, Microsoft.VisualStudio.QualityTools.Tips.UnitTest.Adapter, Version=10.0.0.0, Culture=neutral, PublicKeyToken=b03f5f7f11d50a3a" className="UnitTest.mainTest, UnitTest, Version=1.0.0.0, Culture=neutral, PublicKeyToken=null" name="RefleshWodexinxiPanelTest" />
    </UnitTest>
  </TestDefinitions>
  <TestLists>
    <TestList name="列表中未列出的结果" id="8c84fa94-04c1-424b-9868-57a2d4851a1d" />
    <TestList name="所有已加载的结果" id="19431567-8539-422a-85d7-44ee4e166bda" />
  </TestLists>
  <TestEntries>
    <TestEntry testId="3c579dca-6526-fcc0-4fe6-f6984ea5f4d0" executionId="b36f2347-d513-485b-9555-0ca6b1b0b403" testListId="8c84fa94-04c1-424b-9868-57a2d4851a1d" />
    <TestEntry testId="5a4792fc-8627-1142-0cbb-feb167431650" executionId="a5c77245-86dc-43e2-838d-a158b549de4b" testListId="8c84fa94-04c1-424b-9868-57a2d4851a1d" />
    <TestEntry testId="ee88512a-66e8-ecc6-9ac4-f0f9f55ffb7e" executionId="a0b5bf42-68be-4085-bf41-8f928ee3ff19" testListId="8c84fa94-04c1-424b-9868-57a2d4851a1d" />
    <TestEntry testId="4bc276d7-37d4-ba5e-baf3-a90dcda2225f" executionId="db3cd278-26ee-4934-9b1f-11059308200f" testListId="8c84fa94-04c1-424b-9868-57a2d4851a1d" />
    <TestEntry testId="175339d7-9435-a51d-7b86-ea5e99ead7d4" executionId="a5c852e7-e878-4212-8e64-20319c8c7260" testListId="8c84fa94-04c1-424b-9868-57a2d4851a1d" />
    <TestEntry testId="5d878659-5b6b-8fa1-afc7-652deb57ea29" executionId="49ffee01-458e-44fe-abe6-73ad8764fd3c" testListId="8c84fa94-04c1-424b-9868-57a2d4851a1d" />
    <TestEntry testId="a72556c6-8eae-5013-a74e-4e3217485766" executionId="27c9cace-aca4-4b84-9e28-1c6e5f16fb11" testListId="8c84fa94-04c1-424b-9868-57a2d4851a1d" />
  </TestEntries>
  <Results>
    <UnitTestResult executionId="b36f2347-d513-485b-9555-0ca6b1b0b403" testId="3c579dca-6526-fcc0-4fe6-f6984ea5f4d0" testName="OpenMenuTest" computerName="WGC-PC" duration="00:00:00.1489091" startTime="2014-04-28T16:59:12.5194569+08:00" endTime="2014-04-28T16:59:12.8782576+08:00" testType="13cdc9d9-ddb5-4fa4-a97d-d965ccfc6d4b" outcome="Failed" testListId="8c84fa94-04c1-424b-9868-57a2d4851a1d" relativeResultsDirectory="b36f2347-d513-485b-9555-0ca6b1b0b403">
      <Output>
        <ErrorInfo>
          <Message>测试方法 UnitTest.mainTest.OpenMenuTest 引发了异常: 
System.ArgumentNullException: 值不能为 null。
参数名: source</Message>
          <StackTrace>   在 Prototype2._0.main_Accessor.OpenMenu(Int32 index)
   在 UnitTest.mainTest.OpenMenuTest() 位置 D:\git_file\yuanxing3\Prototype2.0\UnitTest\mainTest.cs:行号 145
</StackTrace>
        </ErrorInfo>
      </Output>
    </UnitTestResult>
    <UnitTestResult executionId="a5c77245-86dc-43e2-838d-a158b549de4b" testId="5a4792fc-8627-1142-0cbb-feb167431650" testName="RefleshFendoushiPanelTest" computerName="WGC-PC" duration="00:00:00.0358370" startTime="2014-04-28T16:59:12.8782576+08:00" endTime="2014-04-28T16:59:12.9250576+08:00" testType="13cdc9d9-ddb5-4fa4-a97d-d965ccfc6d4b" outcome="Failed" testListId="8c84fa94-04c1-424b-9868-57a2d4851a1d" relativeResultsDirectory="a5c77245-86dc-43e2-838d-a158b549de4b">
      <Output>
        <ErrorInfo>
          <Message>测试方法 UnitTest.mainTest.RefleshFendoushiPanelTest 引发了异常: 
System.NullReferenceException: 未将对象引用设置到对象的实例。</Message>
          <StackTrace>   在 Prototype2._0.main_Accessor.RefleshFendoushiPanel()
   在 UnitTest.mainTest.RefleshFendoushiPanelTest() 位置 D:\git_file\yuanxing3\Prototype2.0\UnitTest\mainTest.cs:行号 157
</StackTrace>
        </ErrorInfo>
      </Output>
    </UnitTestResult>
    <UnitTestResult executionId="a0b5bf42-68be-4085-bf41-8f928ee3ff19" testId="ee88512a-66e8-ecc6-9ac4-f0f9f55ffb7e" testName="RefleshMenuTest" computerName="WGC-PC" duration="00:00:00.0457222" startTime="2014-04-28T16:59:12.9250576+08:00" endTime="2014-04-28T16:59:12.9874577+08:00" testType="13cdc9d9-ddb5-4fa4-a97d-d965ccfc6d4b" outcome="Inconclusive" testListId="8c84fa94-04c1-424b-9868-57a2d4851a1d" relativeResultsDirectory="a0b5bf42-68be-4085-bf41-8f928ee3ff19">
      <Output>
        <ErrorInfo>
          <Message>Assert.Inconclusive 失败。无法验证不返回值的方法。</Message>
          <StackTrace>   在 UnitTest.mainTest.RefleshMenuTest() 位置 D:\git_file\yuanxing3\Prototype2.0\UnitTest\mainTest.cs:行号 170
</StackTrace>
        </ErrorInfo>
      </Output>
    </UnitTestResult>
    <UnitTestResult executionId="db3cd278-26ee-4934-9b1f-11059308200f" testId="4bc276d7-37d4-ba5e-baf3-a90dcda2225f" testName="RefleshPanelTest" computerName="WGC-PC" duration="00:00:00.0267709" startTime="2014-04-28T16:59:12.9874577+08:00" endTime="2014-04-28T16:59:13.0186578+08:00" testType="13cdc9d9-ddb5-4fa4-a97d-d965ccfc6d4b" outcome="Inconclusive" testListId="8c84fa94-04c1-424b-9868-57a2d4851a1d" relativeResultsDirectory="db3cd278-26ee-4934-9b1f-11059308200f">
      <Output>
        <ErrorInfo>
          <Message>Assert.Inconclusive 失败。无法验证不返回值的方法。</Message>
          <StackTrace>   在 UnitTest.mainTest.RefleshPanelTest() 位置 D:\git_file\yuanxing3\Prototype2.0\UnitTest\mainTest.cs:行号 182
</StackTrace>
        </ErrorInfo>
      </Output>
    </UnitTestResult>
    <UnitTestResult executionId="a5c852e7-e878-4212-8e64-20319c8c7260" testId="175339d7-9435-a51d-7b86-ea5e99ead7d4" testName="RefleshWodexinxiPanelTest" computerName="WGC-PC" duration="00:00:00.0303845" startTime="2014-04-28T16:59:13.0186578+08:00" endTime="2014-04-28T16:59:13.0498579+08:00" testType="13cdc9d9-ddb5-4fa4-a97d-d965ccfc6d4b" outcome="Failed" testListId="8c84fa94-04c1-424b-9868-57a2d4851a1d" relativeResultsDirectory="a5c852e7-e878-4212-8e64-20319c8c7260">
      <Output>
        <ErrorInfo>
          <Message>测试方法 UnitTest.mainTest.RefleshWodexinxiPanelTest 引发了异常: 
System.NullReferenceException: 未将对象引用设置到对象的实例。</Message>
          <StackTrace>   在 Prototype2._0.main_Accessor.RefleshWodexinxiPanel()
   在 UnitTest.mainTest.RefleshWodexinxiPanelTest() 位置 D:\git_file\yuanxing3\Prototype2.0\UnitTest\mainTest.cs:行号 193
</StackTrace>
        </ErrorInfo>
      </Output>
    </UnitTestResult>
    <UnitTestResult executionId="49ffee01-458e-44fe-abe6-73ad8764fd3c" testId="5d878659-5b6b-8fa1-afc7-652deb57ea29" testName="RefleshZuotifenleiPanelTest" computerName="WGC-PC" duration="00:01:22.3406145" startTime="2014-04-28T16:59:13.0498579+08:00" endTime="2014-04-28T17:00:35.4094195+08:00" testType="13cdc9d9-ddb5-4fa4-a97d-d965ccfc6d4b" outcome="Inconclusive" testListId="8c84fa94-04c1-424b-9868-57a2d4851a1d" relativeResultsDirectory="49ffee01-458e-44fe-abe6-73ad8764fd3c">
      <Output>
        <ErrorInfo>
          <Message>Assert.Inconclusive 失败。无法验证不返回值的方法。</Message>
          <StackTrace>   在 UnitTest.mainTest.RefleshZuotifenleiPanelTest() 位置 D:\git_file\yuanxing3\Prototype2.0\UnitTest\mainTest.cs:行号 206
</StackTrace>
        </ErrorInfo>
      </Output>
    </UnitTestResult>
    <UnitTestResult executionId="27c9cace-aca4-4b84-9e28-1c6e5f16fb11" testId="a72556c6-8eae-5013-a74e-4e3217485766" testName="ReleaseCaptureTest" computerName="WGC-PC" duration="00:00:00.0050826" startTime="2014-04-28T17:00:35.4094195+08:00" endTime="2014-04-28T17:00:35.4250196+08:00" testType="13cdc9d9-ddb5-4fa4-a97d-d965ccfc6d4b" outcome="Failed" testListId="8c84fa94-04c1-424b-9868-57a2d4851a1d" relativeResultsDirectory="27c9cace-aca4-4b84-9e28-1c6e5f16fb11">
      <Output>
        <ErrorInfo>
          <Message>Assert.AreEqual 失败。应为: &lt;False&gt;，实际为: &lt;True&gt;。</Message>
          <StackTrace>   在 UnitTest.mainTest.ReleaseCaptureTest() 位置 D:\git_file\yuanxing3\Prototype2.0\UnitTest\mainTest.cs:行号 218
</StackTrace>
        </ErrorInfo>
      </Output>
    </UnitTestResult>
  </Results>
</TestRun>