<?xml version="1.0" encoding="UTF-8"?>
<TestRun id="ad1f89f7-67f5-4389-82b7-57b5f6026c61" name="WGC@WGC-PC 2014-04-28 17:07:50" runUser="WGC-PC\WGC" xmlns="http://microsoft.com/schemas/VisualStudio/TeamTest/2010">
  <TestSettings name="本地" id="15eaff23-6fdd-4e4a-895b-27afa8f22191">
    <Description>这些设置为本地测试运行的默认测试设置。</Description>
    <Deployment enabled="false" runDeploymentRoot="WGC_WGC-PC 2014-04-28 17_07_50">
      <DeploymentItem filename="D:\git_file\yuanxing3\Prototype2.0\Prototype2.0\bin\Debug\Prototype2.0.exe" />
    </Deployment>
    <Execution>
      <TestTypeSpecific />
      <AgentRule name="Execution Agents">
      </AgentRule>
    </Execution>
  </TestSettings>
  <Times creation="2014-04-28T17:07:50.1326928+08:00" queuing="2014-04-28T17:07:50.1482928+08:00" start="2014-04-28T17:07:50.1638928+08:00" finish="2014-04-28T17:07:50.8346940+08:00" />
  <ResultSummary outcome="Warning">
    <Counters total="5" executed="5" passed="5" error="0" failed="0" timeout="0" aborted="0" inconclusive="0" passedButRunAborted="0" notRunnable="0" notExecuted="0" disconnected="0" warning="0" completed="0" inProgress="0" pending="0" />
    <RunInfos>
      <RunInfo computerName="WGC-PC" outcome="Warning" timestamp="2014-04-28T17:07:50.1482928+08:00">
        <Text>当前已禁用部署。未部署测试“UnitTest.mainTest.button3_ClickTest”中的部署项“Prototype2.0.exe”。</Text>
      </RunInfo>
    </RunInfos>
  </ResultSummary>
  <TestDefinitions>
    <UnitTest name="button3_ClickTest" storage="d:\git_file\yuanxing3\prototype2.0\unittest\bin\debug\unittest.dll" id="d9ba3a2b-6842-f2d2-eeac-e13e0c8aba9a">
      <DeploymentItems>
        <DeploymentItem filename="Prototype2.0.exe" />
      </DeploymentItems>
      <Execution id="196d83e0-ab01-4838-b90e-fc2f52dff422" />
      <TestMethod codeBase="D:/git_file/yuanxing3/Prototype2.0/UnitTest/bin/Debug/UnitTest.DLL" adapterTypeName="Microsoft.VisualStudio.TestTools.TestTypes.Unit.UnitTestAdapter, Microsoft.VisualStudio.QualityTools.Tips.UnitTest.Adapter, Version=10.0.0.0, Culture=neutral, PublicKeyToken=b03f5f7f11d50a3a" className="UnitTest.mainTest, UnitTest, Version=1.0.0.0, Culture=neutral, PublicKeyToken=null" name="button3_ClickTest" />
    </UnitTest>
    <UnitTest name="button1_ClickTest" storage="d:\git_file\yuanxing3\prototype2.0\unittest\bin\debug\unittest.dll" id="7e369f75-ca60-28a5-209b-ebfa6ffd65b1">
      <DeploymentItems>
        <DeploymentItem filename="Prototype2.0.exe" />
      </DeploymentItems>
      <Execution id="2b75564b-ee02-4ce7-8d92-655f71d1f3a2" />
      <TestMethod codeBase="D:/git_file/yuanxing3/Prototype2.0/UnitTest/bin/Debug/UnitTest.DLL" adapterTypeName="Microsoft.VisualStudio.TestTools.TestTypes.Unit.UnitTestAdapter, Microsoft.VisualStudio.QualityTools.Tips.UnitTest.Adapter, Version=10.0.0.0, Culture=neutral, PublicKeyToken=b03f5f7f11d50a3a" className="UnitTest.mainTest, UnitTest, Version=1.0.0.0, Culture=neutral, PublicKeyToken=null" name="button1_ClickTest" />
    </UnitTest>
    <UnitTest name="button1_Click_1Test" storage="d:\git_file\yuanxing3\prototype2.0\unittest\bin\debug\unittest.dll" id="c161caaf-1757-fbd4-151f-e499d9aa44ff">
      <DeploymentItems>
        <DeploymentItem filename="Prototype2.0.exe" />
      </DeploymentItems>
      <Execution id="dbbedc49-b518-44f3-b1c9-159a6401e571" />
      <TestMethod codeBase="D:/git_file/yuanxing3/Prototype2.0/UnitTest/bin/Debug/UnitTest.DLL" adapterTypeName="Microsoft.VisualStudio.TestTools.TestTypes.Unit.UnitTestAdapter, Microsoft.VisualStudio.QualityTools.Tips.UnitTest.Adapter, Version=10.0.0.0, Culture=neutral, PublicKeyToken=b03f5f7f11d50a3a" className="UnitTest.mainTest, UnitTest, Version=1.0.0.0, Culture=neutral, PublicKeyToken=null" name="button1_Click_1Test" />
    </UnitTest>
    <UnitTest name="button2_ClickTest" storage="d:\git_file\yuanxing3\prototype2.0\unittest\bin\debug\unittest.dll" id="0b28c363-cfc5-f5fd-9f67-bbc95cde2066">
      <DeploymentItems>
        <DeploymentItem filename="Prototype2.0.exe" />
      </DeploymentItems>
      <Execution id="6c6d533b-d213-48bb-b21a-0200616acd52" />
      <TestMethod codeBase="D:/git_file/yuanxing3/Prototype2.0/UnitTest/bin/Debug/UnitTest.DLL" adapterTypeName="Microsoft.VisualStudio.TestTools.TestTypes.Unit.UnitTestAdapter, Microsoft.VisualStudio.QualityTools.Tips.UnitTest.Adapter, Version=10.0.0.0, Culture=neutral, PublicKeyToken=b03f5f7f11d50a3a" className="UnitTest.mainTest, UnitTest, Version=1.0.0.0, Culture=neutral, PublicKeyToken=null" name="button2_ClickTest" />
    </UnitTest>
    <UnitTest name="button5_ClickTest" storage="d:\git_file\yuanxing3\prototype2.0\unittest\bin\debug\unittest.dll" id="451500f7-2113-628d-5f22-92810facf93f">
      <DeploymentItems>
        <DeploymentItem filename="Prototype2.0.exe" />
      </DeploymentItems>
      <Execution id="9379774b-ad8b-46cf-bf79-30659021832e" />
      <TestMethod codeBase="D:/git_file/yuanxing3/Prototype2.0/UnitTest/bin/Debug/UnitTest.DLL" adapterTypeName="Microsoft.VisualStudio.TestTools.TestTypes.Unit.UnitTestAdapter, Microsoft.VisualStudio.QualityTools.Tips.UnitTest.Adapter, Version=10.0.0.0, Culture=neutral, PublicKeyToken=b03f5f7f11d50a3a" className="UnitTest.mainTest, UnitTest, Version=1.0.0.0, Culture=neutral, PublicKeyToken=null" name="button5_ClickTest" />
    </UnitTest>
  </TestDefinitions>
  <TestLists>
    <TestList name="列表中未列出的结果" id="8c84fa94-04c1-424b-9868-57a2d4851a1d" />
    <TestList name="所有已加载的结果" id="19431567-8539-422a-85d7-44ee4e166bda" />
  </TestLists>
  <TestEntries>
    <TestEntry testId="7e369f75-ca60-28a5-209b-ebfa6ffd65b1" executionId="2b75564b-ee02-4ce7-8d92-655f71d1f3a2" testListId="8c84fa94-04c1-424b-9868-57a2d4851a1d" />
    <TestEntry testId="c161caaf-1757-fbd4-151f-e499d9aa44ff" executionId="dbbedc49-b518-44f3-b1c9-159a6401e571" testListId="8c84fa94-04c1-424b-9868-57a2d4851a1d" />
    <TestEntry testId="0b28c363-cfc5-f5fd-9f67-bbc95cde2066" executionId="6c6d533b-d213-48bb-b21a-0200616acd52" testListId="8c84fa94-04c1-424b-9868-57a2d4851a1d" />
    <TestEntry testId="d9ba3a2b-6842-f2d2-eeac-e13e0c8aba9a" executionId="196d83e0-ab01-4838-b90e-fc2f52dff422" testListId="8c84fa94-04c1-424b-9868-57a2d4851a1d" />
    <TestEntry testId="451500f7-2113-628d-5f22-92810facf93f" executionId="9379774b-ad8b-46cf-bf79-30659021832e" testListId="8c84fa94-04c1-424b-9868-57a2d4851a1d" />
  </TestEntries>
  <Results>
    <UnitTestResult executionId="2b75564b-ee02-4ce7-8d92-655f71d1f3a2" testId="7e369f75-ca60-28a5-209b-ebfa6ffd65b1" testName="button1_ClickTest" computerName="WGC-PC" duration="00:00:00.1116069" startTime="2014-04-28T17:07:50.1638928+08:00" endTime="2014-04-28T17:07:50.5382935+08:00" testType="13cdc9d9-ddb5-4fa4-a97d-d965ccfc6d4b" outcome="Passed" testListId="8c84fa94-04c1-424b-9868-57a2d4851a1d" relativeResultsDirectory="2b75564b-ee02-4ce7-8d92-655f71d1f3a2">
    </UnitTestResult>
    <UnitTestResult executionId="dbbedc49-b518-44f3-b1c9-159a6401e571" testId="c161caaf-1757-fbd4-151f-e499d9aa44ff" testName="button1_Click_1Test" computerName="WGC-PC" duration="00:00:00.0288167" startTime="2014-04-28T17:07:50.5382935+08:00" endTime="2014-04-28T17:07:50.5694936+08:00" testType="13cdc9d9-ddb5-4fa4-a97d-d965ccfc6d4b" outcome="Passed" testListId="8c84fa94-04c1-424b-9868-57a2d4851a1d" relativeResultsDirectory="dbbedc49-b518-44f3-b1c9-159a6401e571">
    </UnitTestResult>
    <UnitTestResult executionId="6c6d533b-d213-48bb-b21a-0200616acd52" testId="0b28c363-cfc5-f5fd-9f67-bbc95cde2066" testName="button2_ClickTest" computerName="WGC-PC" duration="00:00:00.0246980" startTime="2014-04-28T17:07:50.5694936+08:00" endTime="2014-04-28T17:07:50.6006936+08:00" testType="13cdc9d9-ddb5-4fa4-a97d-d965ccfc6d4b" outcome="Passed" testListId="8c84fa94-04c1-424b-9868-57a2d4851a1d" relativeResultsDirectory="6c6d533b-d213-48bb-b21a-0200616acd52">
    </UnitTestResult>
    <UnitTestResult executionId="196d83e0-ab01-4838-b90e-fc2f52dff422" testId="d9ba3a2b-6842-f2d2-eeac-e13e0c8aba9a" testName="button3_ClickTest" computerName="WGC-PC" duration="00:00:00.0310529" startTime="2014-04-28T17:07:50.6006936+08:00" endTime="2014-04-28T17:07:50.6474937+08:00" testType="13cdc9d9-ddb5-4fa4-a97d-d965ccfc6d4b" outcome="Passed" testListId="8c84fa94-04c1-424b-9868-57a2d4851a1d" relativeResultsDirectory="196d83e0-ab01-4838-b90e-fc2f52dff422">
    </UnitTestResult>
    <UnitTestResult executionId="9379774b-ad8b-46cf-bf79-30659021832e" testId="451500f7-2113-628d-5f22-92810facf93f" testName="button5_ClickTest" computerName="WGC-PC" duration="00:00:00.0364221" startTime="2014-04-28T17:07:50.6474937+08:00" endTime="2014-04-28T17:07:50.6942938+08:00" testType="13cdc9d9-ddb5-4fa4-a97d-d965ccfc6d4b" outcome="Passed" testListId="8c84fa94-04c1-424b-9868-57a2d4851a1d" relativeResultsDirectory="9379774b-ad8b-46cf-bf79-30659021832e">
    </UnitTestResult>
  </Results>
</TestRun>