<?xml version="1.0" encoding="UTF-8"?>
<TestRun id="1239d27c-f64e-49f5-ac00-03bb2c35ed5f" name="WGC@WGC-PC 2014-04-28 17:14:50" runUser="WGC-PC\WGC" xmlns="http://microsoft.com/schemas/VisualStudio/TeamTest/2010">
  <TestSettings name="本地" id="15eaff23-6fdd-4e4a-895b-27afa8f22191">
    <Description>这些设置为本地测试运行的默认测试设置。</Description>
    <Deployment enabled="false" runDeploymentRoot="WGC_WGC-PC 2014-04-28 17_14_50">
      <DeploymentItem filename="D:\git_file\yuanxing3\Prototype2.0\Prototype2.0\bin\Debug\Prototype2.0.exe" />
    </Deployment>
    <Execution>
      <TestTypeSpecific />
      <AgentRule name="Execution Agents">
      </AgentRule>
    </Execution>
  </TestSettings>
  <Times creation="2014-04-28T17:14:50.0381195+08:00" queuing="2014-04-28T17:14:50.0693195+08:00" start="2014-04-28T17:14:50.0849196+08:00" finish="2014-04-28T17:14:50.4593202+08:00" />
  <ResultSummary outcome="Warning">
    <Counters total="1" executed="1" passed="1" error="0" failed="0" timeout="0" aborted="0" inconclusive="0" passedButRunAborted="0" notRunnable="0" notExecuted="0" disconnected="0" warning="0" completed="0" inProgress="0" pending="0" />
    <RunInfos>
      <RunInfo computerName="WGC-PC" outcome="Warning" timestamp="2014-04-28T17:14:50.0693195+08:00">
        <Text>当前已禁用部署。未部署测试“UnitTest.mainTest.main_MouseDownTest”中的部署项“Prototype2.0.exe”。</Text>
      </RunInfo>
    </RunInfos>
  </ResultSummary>
  <TestDefinitions>
    <UnitTest name="main_MouseDownTest" storage="d:\git_file\yuanxing3\prototype2.0\unittest\bin\debug\unittest.dll" id="3d0108a4-8021-3e46-d6f0-6483f59f6e9f">
      <DeploymentItems>
        <DeploymentItem filename="Prototype2.0.exe" />
      </DeploymentItems>
      <Execution id="1de6c76e-2522-4983-ae3f-d8aab9fc1fa8" />
      <TestMethod codeBase="D:/git_file/yuanxing3/Prototype2.0/UnitTest/bin/Debug/UnitTest.DLL" adapterTypeName="Microsoft.VisualStudio.TestTools.TestTypes.Unit.UnitTestAdapter, Microsoft.VisualStudio.QualityTools.Tips.UnitTest.Adapter, Version=10.0.0.0, Culture=neutral, PublicKeyToken=b03f5f7f11d50a3a" className="UnitTest.mainTest, UnitTest, Version=1.0.0.0, Culture=neutral, PublicKeyToken=null" name="main_MouseDownTest" />
    </UnitTest>
  </TestDefinitions>
  <TestLists>
    <TestList name="列表中未列出的结果" id="8c84fa94-04c1-424b-9868-57a2d4851a1d" />
    <TestList name="所有已加载的结果" id="19431567-8539-422a-85d7-44ee4e166bda" />
  </TestLists>
  <TestEntries>
    <TestEntry testId="3d0108a4-8021-3e46-d6f0-6483f59f6e9f" executionId="1de6c76e-2522-4983-ae3f-d8aab9fc1fa8" testListId="8c84fa94-04c1-424b-9868-57a2d4851a1d" />
  </TestEntries>
  <Results>
    <UnitTestResult executionId="1de6c76e-2522-4983-ae3f-d8aab9fc1fa8" testId="3d0108a4-8021-3e46-d6f0-6483f59f6e9f" testName="main_MouseDownTest" computerName="WGC-PC" duration="00:00:00.1203574" startTime="2014-04-28T17:14:50.1005196+08:00" endTime="2014-04-28T17:14:50.4281202+08:00" testType="13cdc9d9-ddb5-4fa4-a97d-d965ccfc6d4b" outcome="Passed" testListId="8c84fa94-04c1-424b-9868-57a2d4851a1d" relativeResultsDirectory="1de6c76e-2522-4983-ae3f-d8aab9fc1fa8">
    </UnitTestResult>
  </Results>
</TestRun>