<?xml version="1.0" encoding="UTF-8"?>
<TestRun id="19d48d9d-6efe-4ec3-9e7a-fe41930cb7bc" name="WGC@WGC-PC 2014-05-05 21:16:48" runUser="WGC-PC\WGC" xmlns="http://microsoft.com/schemas/VisualStudio/TeamTest/2010">
  <TestSettings name="本地" id="15eaff23-6fdd-4e4a-895b-27afa8f22191">
    <Description>这些设置为本地测试运行的默认测试设置。</Description>
    <Deployment enabled="false" runDeploymentRoot="WGC_WGC-PC 2014-05-05 21_16_48">
      <DeploymentItem filename="D:\git_file\yuanxing5\Prototype2.0\Prototype2.0\bin\Debug\Prototype2.0.exe" />
    </Deployment>
    <Execution>
      <TestTypeSpecific />
      <AgentRule name="Execution Agents">
      </AgentRule>
    </Execution>
  </TestSettings>
  <Times creation="2014-05-05T21:16:48.7940429+08:00" queuing="2014-05-05T21:16:51.1808471+08:00" start="2014-05-05T21:16:51.5240477+08:00" finish="2014-05-05T21:18:05.7360379+08:00" />
  <ResultSummary outcome="Aborted">
    <Counters total="20" executed="11" error="0" failed="0" timeout="0" aborted="1" inconclusive="0" passedButRunAborted="10" notRunnable="0" notExecuted="9" disconnected="0" warning="0" passed="0" completed="0" inProgress="0" pending="0" />
    <RunInfos>
      <RunInfo computerName="WGC-PC" outcome="Warning" timestamp="2014-05-05T21:16:49.0904434+08:00">
        <Text>当前已禁用部署。未部署测试“UnitTest.settingsTest.settings_LoadTest”中的部署项“Prototype2.0.exe”。</Text>
      </RunInfo>
    </RunInfos>
  </ResultSummary>
  <TestDefinitions>
    <UnitTest name="settings_LoadTest" storage="d:\git_file\yuanxing5\prototype2.0\unittest\bin\debug\unittest.dll" id="7ab3a32f-4dc9-ffea-ce42-a3a6b7d3b9be">
      <DeploymentItems>
        <DeploymentItem filename="Prototype2.0.exe" />
      </DeploymentItems>
      <Execution id="47f936fc-05fa-4cb3-ab05-c37de26f9d1e" />
      <TestMethod codeBase="D:/git_file/yuanxing5/Prototype2.0/UnitTest/bin/Debug/UnitTest.DLL" adapterTypeName="Microsoft.VisualStudio.TestTools.TestTypes.Unit.UnitTestAdapter, Microsoft.VisualStudio.QualityTools.Tips.UnitTest.Adapter, Version=10.0.0.0, Culture=neutral, PublicKeyToken=b03f5f7f11d50a3a" className="UnitTest.settingsTest, UnitTest, Version=1.0.0.0, Culture=neutral, PublicKeyToken=null" name="settings_LoadTest" />
    </UnitTest>
    <UnitTest name="button_exit_ClickTest" storage="d:\git_file\yuanxing5\prototype2.0\unittest\bin\debug\unittest.dll" id="4da2c7b5-0149-9021-57fb-a840a852006f">
      <DeploymentItems>
        <DeploymentItem filename="Prototype2.0.exe" />
      </DeploymentItems>
      <Execution id="4c7fa549-83ab-4282-8b75-59c889efcab5" />
      <TestMethod codeBase="D:/git_file/yuanxing5/Prototype2.0/UnitTest/bin/Debug/UnitTest.DLL" adapterTypeName="Microsoft.VisualStudio.TestTools.TestTypes.Unit.UnitTestAdapter, Microsoft.VisualStudio.QualityTools.Tips.UnitTest.Adapter, Version=10.0.0.0, Culture=neutral, PublicKeyToken=b03f5f7f11d50a3a" className="UnitTest.mainTest, UnitTest, Version=1.0.0.0, Culture=neutral, PublicKeyToken=null" name="button_exit_ClickTest" />
    </UnitTest>
    <UnitTest name="GetUserTest" storage="d:\git_file\yuanxing5\prototype2.0\unittest\bin\debug\unittest.dll" id="90a3f480-3472-2b55-dee6-429d11855cec">
      <Execution id="623448b0-664f-46e7-bb94-4d30c2bfff30" />
      <TestMethod codeBase="D:/git_file/yuanxing5/Prototype2.0/UnitTest/bin/Debug/UnitTest.DLL" adapterTypeName="Microsoft.VisualStudio.TestTools.TestTypes.Unit.UnitTestAdapter, Microsoft.VisualStudio.QualityTools.Tips.UnitTest.Adapter, Version=10.0.0.0, Culture=neutral, PublicKeyToken=b03f5f7f11d50a3a" className="UnitTest.WebServiceTest, UnitTest, Version=1.0.0.0, Culture=neutral, PublicKeyToken=null" name="GetUserTest" />
    </UnitTest>
    <UnitTest name="main_MouseDownTest" storage="d:\git_file\yuanxing5\prototype2.0\unittest\bin\debug\unittest.dll" id="3d0108a4-8021-3e46-d6f0-6483f59f6e9f">
      <DeploymentItems>
        <DeploymentItem filename="Prototype2.0.exe" />
      </DeploymentItems>
      <Execution id="199cfd02-3ccd-4487-9ad8-a4ba9707fb8f" />
      <TestMethod codeBase="D:/git_file/yuanxing5/Prototype2.0/UnitTest/bin/Debug/UnitTest.DLL" adapterTypeName="Microsoft.VisualStudio.TestTools.TestTypes.Unit.UnitTestAdapter, Microsoft.VisualStudio.QualityTools.Tips.UnitTest.Adapter, Version=10.0.0.0, Culture=neutral, PublicKeyToken=b03f5f7f11d50a3a" className="UnitTest.mainTest, UnitTest, Version=1.0.0.0, Culture=neutral, PublicKeyToken=null" name="main_MouseDownTest" />
    </UnitTest>
    <UnitTest name="mainConstructorTest" storage="d:\git_file\yuanxing5\prototype2.0\unittest\bin\debug\unittest.dll" id="c7167a1f-f5b0-cae6-8d37-128f24b014c1">
      <Execution id="3e0b3577-a34d-4f9f-bba8-110e53e038c6" />
      <TestMethod codeBase="D:/git_file/yuanxing5/Prototype2.0/UnitTest/bin/Debug/UnitTest.DLL" adapterTypeName="Microsoft.VisualStudio.TestTools.TestTypes.Unit.UnitTestAdapter, Microsoft.VisualStudio.QualityTools.Tips.UnitTest.Adapter, Version=10.0.0.0, Culture=neutral, PublicKeyToken=b03f5f7f11d50a3a" className="UnitTest.mainTest, UnitTest, Version=1.0.0.0, Culture=neutral, PublicKeyToken=null" name="mainConstructorTest" />
    </UnitTest>
    <UnitTest name="getRecommandTest" storage="d:\git_file\yuanxing5\prototype2.0\unittest\bin\debug\unittest.dll" id="5436548b-eea2-6bff-3495-eae5881c6993">
      <DeploymentItems>
        <DeploymentItem filename="Prototype2.0.exe" />
      </DeploymentItems>
      <Execution id="2cb4d8ed-e2a3-46a2-b571-9f681bf3faa2" />
      <TestMethod codeBase="D:/git_file/yuanxing5/Prototype2.0/UnitTest/bin/Debug/UnitTest.DLL" adapterTypeName="Microsoft.VisualStudio.TestTools.TestTypes.Unit.UnitTestAdapter, Microsoft.VisualStudio.QualityTools.Tips.UnitTest.Adapter, Version=10.0.0.0, Culture=neutral, PublicKeyToken=b03f5f7f11d50a3a" className="UnitTest.mainTest, UnitTest, Version=1.0.0.0, Culture=neutral, PublicKeyToken=null" name="getRecommandTest" />
    </UnitTest>
    <UnitTest name="settingsConstructorTest" storage="d:\git_file\yuanxing5\prototype2.0\unittest\bin\debug\unittest.dll" id="8f2afcd6-2429-a959-7d0f-51c9c47ba0c4">
      <Execution id="789c28c7-2a7e-41ea-8021-60b23bc111db" />
      <TestMethod codeBase="D:/git_file/yuanxing5/Prototype2.0/UnitTest/bin/Debug/UnitTest.DLL" adapterTypeName="Microsoft.VisualStudio.TestTools.TestTypes.Unit.UnitTestAdapter, Microsoft.VisualStudio.QualityTools.Tips.UnitTest.Adapter, Version=10.0.0.0, Culture=neutral, PublicKeyToken=b03f5f7f11d50a3a" className="UnitTest.settingsTest, UnitTest, Version=1.0.0.0, Culture=neutral, PublicKeyToken=null" name="settingsConstructorTest" />
    </UnitTest>
    <UnitTest name="GetUserNameByRankTest" storage="d:\git_file\yuanxing5\prototype2.0\unittest\bin\debug\unittest.dll" id="2d7a039c-3468-1748-5a8a-8ba1d4b4d7a5">
      <Execution id="6e449472-5d13-4da3-bc84-f1edf1cf3f78" />
      <TestMethod codeBase="D:/git_file/yuanxing5/Prototype2.0/UnitTest/bin/Debug/UnitTest.DLL" adapterTypeName="Microsoft.VisualStudio.TestTools.TestTypes.Unit.UnitTestAdapter, Microsoft.VisualStudio.QualityTools.Tips.UnitTest.Adapter, Version=10.0.0.0, Culture=neutral, PublicKeyToken=b03f5f7f11d50a3a" className="UnitTest.WebServiceTest, UnitTest, Version=1.0.0.0, Culture=neutral, PublicKeyToken=null" name="GetUserNameByRankTest" />
    </UnitTest>
    <UnitTest name="DisposeTest" storage="d:\git_file\yuanxing5\prototype2.0\unittest\bin\debug\unittest.dll" id="ce781e78-5754-4c40-2ec9-91d6709c1c43">
      <DeploymentItems>
        <DeploymentItem filename="Prototype2.0.exe" />
      </DeploymentItems>
      <Execution id="ddbbd4f7-2de3-426a-b7a0-33416de2c384" />
      <TestMethod codeBase="D:/git_file/yuanxing5/Prototype2.0/UnitTest/bin/Debug/UnitTest.DLL" adapterTypeName="Microsoft.VisualStudio.TestTools.TestTypes.Unit.UnitTestAdapter, Microsoft.VisualStudio.QualityTools.Tips.UnitTest.Adapter, Version=10.0.0.0, Culture=neutral, PublicKeyToken=b03f5f7f11d50a3a" className="UnitTest.mainTest, UnitTest, Version=1.0.0.0, Culture=neutral, PublicKeyToken=null" name="DisposeTest" />
    </UnitTest>
    <UnitTest name="GetAcceptedTest" storage="d:\git_file\yuanxing5\prototype2.0\unittest\bin\debug\unittest.dll" id="7dceff2a-6ddf-08d0-c7fe-3ba92b07a92c">
      <Execution id="b16a1776-8ba1-47fa-9148-170bcc7fd3c0" />
      <TestMethod codeBase="D:/git_file/yuanxing5/Prototype2.0/UnitTest/bin/Debug/UnitTest.DLL" adapterTypeName="Microsoft.VisualStudio.TestTools.TestTypes.Unit.UnitTestAdapter, Microsoft.VisualStudio.QualityTools.Tips.UnitTest.Adapter, Version=10.0.0.0, Culture=neutral, PublicKeyToken=b03f5f7f11d50a3a" className="UnitTest.WebServiceTest, UnitTest, Version=1.0.0.0, Culture=neutral, PublicKeyToken=null" name="GetAcceptedTest" />
    </UnitTest>
    <UnitTest name="main_LoadTest" storage="d:\git_file\yuanxing5\prototype2.0\unittest\bin\debug\unittest.dll" id="b7d84e66-ffbd-4644-d256-f079fe5b23ea">
      <DeploymentItems>
        <DeploymentItem filename="Prototype2.0.exe" />
      </DeploymentItems>
      <Execution id="436409c4-4217-4ee7-9de8-dcd7e61bf633" />
      <TestMethod codeBase="D:/git_file/yuanxing5/Prototype2.0/UnitTest/bin/Debug/UnitTest.DLL" adapterTypeName="Microsoft.VisualStudio.TestTools.TestTypes.Unit.UnitTestAdapter, Microsoft.VisualStudio.QualityTools.Tips.UnitTest.Adapter, Version=10.0.0.0, Culture=neutral, PublicKeyToken=b03f5f7f11d50a3a" className="UnitTest.mainTest, UnitTest, Version=1.0.0.0, Culture=neutral, PublicKeyToken=null" name="main_LoadTest" />
    </UnitTest>
    <UnitTest name="RefleshMenuTest" storage="d:\git_file\yuanxing5\prototype2.0\unittest\bin\debug\unittest.dll" id="851fadc4-eb68-7130-2e60-f8183f2faff9">
      <DeploymentItems>
        <DeploymentItem filename="Prototype2.0.exe" />
      </DeploymentItems>
      <Execution id="df84204a-6836-4449-801f-1e529df65833" />
      <TestMethod codeBase="D:/git_file/yuanxing5/Prototype2.0/UnitTest/bin/Debug/UnitTest.DLL" adapterTypeName="Microsoft.VisualStudio.TestTools.TestTypes.Unit.UnitTestAdapter, Microsoft.VisualStudio.QualityTools.Tips.UnitTest.Adapter, Version=10.0.0.0, Culture=neutral, PublicKeyToken=b03f5f7f11d50a3a" className="UnitTest.settingsTest, UnitTest, Version=1.0.0.0, Culture=neutral, PublicKeyToken=null" name="RefleshMenuTest" />
    </UnitTest>
    <UnitTest name="button1_ClickTest" storage="d:\git_file\yuanxing5\prototype2.0\unittest\bin\debug\unittest.dll" id="7e369f75-ca60-28a5-209b-ebfa6ffd65b1">
      <DeploymentItems>
        <DeploymentItem filename="Prototype2.0.exe" />
      </DeploymentItems>
      <Execution id="507c1e91-0c02-4db0-8b46-21ecef532237" />
      <TestMethod codeBase="D:/git_file/yuanxing5/Prototype2.0/UnitTest/bin/Debug/UnitTest.DLL" adapterTypeName="Microsoft.VisualStudio.TestTools.TestTypes.Unit.UnitTestAdapter, Microsoft.VisualStudio.QualityTools.Tips.UnitTest.Adapter, Version=10.0.0.0, Culture=neutral, PublicKeyToken=b03f5f7f11d50a3a" className="UnitTest.mainTest, UnitTest, Version=1.0.0.0, Culture=neutral, PublicKeyToken=null" name="button1_ClickTest" />
    </UnitTest>
    <UnitTest name="DisplayConstructorTest" storage="d:\git_file\yuanxing5\prototype2.0\unittest\bin\debug\unittest.dll" id="7592f856-c36a-dc66-728e-5425f89ffc94">
      <Execution id="ca071aba-3d97-4eff-97ab-7f821e8fb266" />
      <TestMethod codeBase="D:/git_file/yuanxing5/Prototype2.0/UnitTest/bin/Debug/UnitTest.DLL" adapterTypeName="Microsoft.VisualStudio.TestTools.TestTypes.Unit.UnitTestAdapter, Microsoft.VisualStudio.QualityTools.Tips.UnitTest.Adapter, Version=10.0.0.0, Culture=neutral, PublicKeyToken=b03f5f7f11d50a3a" className="UnitTest.DisplayTest, UnitTest, Version=1.0.0.0, Culture=neutral, PublicKeyToken=null" name="DisplayConstructorTest" />
    </UnitTest>
    <UnitTest name="button2_ClickTest" storage="d:\git_file\yuanxing5\prototype2.0\unittest\bin\debug\unittest.dll" id="0b28c363-cfc5-f5fd-9f67-bbc95cde2066">
      <DeploymentItems>
        <DeploymentItem filename="Prototype2.0.exe" />
      </DeploymentItems>
      <Execution id="c9285416-15a2-481e-ab1f-dad039f9d6d4" />
      <TestMethod codeBase="D:/git_file/yuanxing5/Prototype2.0/UnitTest/bin/Debug/UnitTest.DLL" adapterTypeName="Microsoft.VisualStudio.TestTools.TestTypes.Unit.UnitTestAdapter, Microsoft.VisualStudio.QualityTools.Tips.UnitTest.Adapter, Version=10.0.0.0, Culture=neutral, PublicKeyToken=b03f5f7f11d50a3a" className="UnitTest.mainTest, UnitTest, Version=1.0.0.0, Culture=neutral, PublicKeyToken=null" name="button2_ClickTest" />
    </UnitTest>
    <UnitTest name="GetWebContentTest" storage="d:\git_file\yuanxing5\prototype2.0\unittest\bin\debug\unittest.dll" id="b1f1b81b-8e2a-4be7-8216-eaebbc7e5353">
      <Execution id="384eb139-4c14-4106-a4ba-489f3ea56043" />
      <TestMethod codeBase="D:/git_file/yuanxing5/Prototype2.0/UnitTest/bin/Debug/UnitTest.DLL" adapterTypeName="Microsoft.VisualStudio.TestTools.TestTypes.Unit.UnitTestAdapter, Microsoft.VisualStudio.QualityTools.Tips.UnitTest.Adapter, Version=10.0.0.0, Culture=neutral, PublicKeyToken=b03f5f7f11d50a3a" className="UnitTest.WebServiceTest, UnitTest, Version=1.0.0.0, Culture=neutral, PublicKeyToken=null" name="GetWebContentTest" />
    </UnitTest>
    <UnitTest name="button1_Click_1Test" storage="d:\git_file\yuanxing5\prototype2.0\unittest\bin\debug\unittest.dll" id="c161caaf-1757-fbd4-151f-e499d9aa44ff">
      <DeploymentItems>
        <DeploymentItem filename="Prototype2.0.exe" />
      </DeploymentItems>
      <Execution id="b2bd9f68-1aba-45e8-97ac-fa6a025ca456" />
      <TestMethod codeBase="D:/git_file/yuanxing5/Prototype2.0/UnitTest/bin/Debug/UnitTest.DLL" adapterTypeName="Microsoft.VisualStudio.TestTools.TestTypes.Unit.UnitTestAdapter, Microsoft.VisualStudio.QualityTools.Tips.UnitTest.Adapter, Version=10.0.0.0, Culture=neutral, PublicKeyToken=b03f5f7f11d50a3a" className="UnitTest.mainTest, UnitTest, Version=1.0.0.0, Culture=neutral, PublicKeyToken=null" name="button1_Click_1Test" />
    </UnitTest>
    <UnitTest name="WebServiceConstructorTest" storage="d:\git_file\yuanxing5\prototype2.0\unittest\bin\debug\unittest.dll" id="430cfa07-be66-8def-ab91-9ebd2e390792">
      <Execution id="a68f30c7-a6e1-4ee1-b6e0-62a7f5eb1366" />
      <TestMethod codeBase="D:/git_file/yuanxing5/Prototype2.0/UnitTest/bin/Debug/UnitTest.DLL" adapterTypeName="Microsoft.VisualStudio.TestTools.TestTypes.Unit.UnitTestAdapter, Microsoft.VisualStudio.QualityTools.Tips.UnitTest.Adapter, Version=10.0.0.0, Culture=neutral, PublicKeyToken=b03f5f7f11d50a3a" className="UnitTest.WebServiceTest, UnitTest, Version=1.0.0.0, Culture=neutral, PublicKeyToken=null" name="WebServiceConstructorTest" />
    </UnitTest>
    <UnitTest name="SendMessageTest" storage="d:\git_file\yuanxing5\prototype2.0\unittest\bin\debug\unittest.dll" id="6280871f-a36f-02b9-19c1-ae2bd4c915ce">
      <Execution id="ade70831-84f5-408b-a0e1-400ea129efe7" />
      <TestMethod codeBase="D:/git_file/yuanxing5/Prototype2.0/UnitTest/bin/Debug/UnitTest.DLL" adapterTypeName="Microsoft.VisualStudio.TestTools.TestTypes.Unit.UnitTestAdapter, Microsoft.VisualStudio.QualityTools.Tips.UnitTest.Adapter, Version=10.0.0.0, Culture=neutral, PublicKeyToken=b03f5f7f11d50a3a" className="UnitTest.mainTest, UnitTest, Version=1.0.0.0, Culture=neutral, PublicKeyToken=null" name="SendMessageTest" />
    </UnitTest>
    <UnitTest name="DisposeTest" storage="d:\git_file\yuanxing5\prototype2.0\unittest\bin\debug\unittest.dll" id="cd7e107a-f302-34f2-b27f-f76c9a44e19a">
      <DeploymentItems>
        <DeploymentItem filename="Prototype2.0.exe" />
      </DeploymentItems>
      <Execution id="1a19b89d-2aa5-4930-8bdf-429b28f534a8" />
      <TestMethod codeBase="D:/git_file/yuanxing5/Prototype2.0/UnitTest/bin/Debug/UnitTest.DLL" adapterTypeName="Microsoft.VisualStudio.TestTools.TestTypes.Unit.UnitTestAdapter, Microsoft.VisualStudio.QualityTools.Tips.UnitTest.Adapter, Version=10.0.0.0, Culture=neutral, PublicKeyToken=b03f5f7f11d50a3a" className="UnitTest.settingsTest, UnitTest, Version=1.0.0.0, Culture=neutral, PublicKeyToken=null" name="DisposeTest" />
    </UnitTest>
  </TestDefinitions>
  <TestLists>
    <TestList name="列表中未列出的结果" id="8c84fa94-04c1-424b-9868-57a2d4851a1d" />
    <TestList name="所有已加载的结果" id="19431567-8539-422a-85d7-44ee4e166bda" />
  </TestLists>
  <TestEntries>
    <TestEntry testId="430cfa07-be66-8def-ab91-9ebd2e390792" executionId="a68f30c7-a6e1-4ee1-b6e0-62a7f5eb1366" testListId="8c84fa94-04c1-424b-9868-57a2d4851a1d" />
    <TestEntry testId="4da2c7b5-0149-9021-57fb-a840a852006f" executionId="4c7fa549-83ab-4282-8b75-59c889efcab5" testListId="8c84fa94-04c1-424b-9868-57a2d4851a1d" />
    <TestEntry testId="851fadc4-eb68-7130-2e60-f8183f2faff9" executionId="df84204a-6836-4449-801f-1e529df65833" testListId="8c84fa94-04c1-424b-9868-57a2d4851a1d" />
    <TestEntry testId="b7d84e66-ffbd-4644-d256-f079fe5b23ea" executionId="436409c4-4217-4ee7-9de8-dcd7e61bf633" testListId="8c84fa94-04c1-424b-9868-57a2d4851a1d" />
    <TestEntry testId="7e369f75-ca60-28a5-209b-ebfa6ffd65b1" executionId="507c1e91-0c02-4db0-8b46-21ecef532237" testListId="8c84fa94-04c1-424b-9868-57a2d4851a1d" />
    <TestEntry testId="ce781e78-5754-4c40-2ec9-91d6709c1c43" executionId="ddbbd4f7-2de3-426a-b7a0-33416de2c384" testListId="8c84fa94-04c1-424b-9868-57a2d4851a1d" />
    <TestEntry testId="90a3f480-3472-2b55-dee6-429d11855cec" executionId="623448b0-664f-46e7-bb94-4d30c2bfff30" testListId="8c84fa94-04c1-424b-9868-57a2d4851a1d" />
    <TestEntry testId="7dceff2a-6ddf-08d0-c7fe-3ba92b07a92c" executionId="b16a1776-8ba1-47fa-9148-170bcc7fd3c0" testListId="8c84fa94-04c1-424b-9868-57a2d4851a1d" />
    <TestEntry testId="7592f856-c36a-dc66-728e-5425f89ffc94" executionId="ca071aba-3d97-4eff-97ab-7f821e8fb266" testListId="8c84fa94-04c1-424b-9868-57a2d4851a1d" />
    <TestEntry testId="b1f1b81b-8e2a-4be7-8216-eaebbc7e5353" executionId="384eb139-4c14-4106-a4ba-489f3ea56043" testListId="8c84fa94-04c1-424b-9868-57a2d4851a1d" />
    <TestEntry testId="2d7a039c-3468-1748-5a8a-8ba1d4b4d7a5" executionId="6e449472-5d13-4da3-bc84-f1edf1cf3f78" testListId="8c84fa94-04c1-424b-9868-57a2d4851a1d" />
    <TestEntry testId="3d0108a4-8021-3e46-d6f0-6483f59f6e9f" executionId="199cfd02-3ccd-4487-9ad8-a4ba9707fb8f" testListId="8c84fa94-04c1-424b-9868-57a2d4851a1d" />
    <TestEntry testId="cd7e107a-f302-34f2-b27f-f76c9a44e19a" executionId="1a19b89d-2aa5-4930-8bdf-429b28f534a8" testListId="8c84fa94-04c1-424b-9868-57a2d4851a1d" />
    <TestEntry testId="6280871f-a36f-02b9-19c1-ae2bd4c915ce" executionId="ade70831-84f5-408b-a0e1-400ea129efe7" testListId="8c84fa94-04c1-424b-9868-57a2d4851a1d" />
    <TestEntry testId="c161caaf-1757-fbd4-151f-e499d9aa44ff" executionId="b2bd9f68-1aba-45e8-97ac-fa6a025ca456" testListId="8c84fa94-04c1-424b-9868-57a2d4851a1d" />
    <TestEntry testId="7ab3a32f-4dc9-ffea-ce42-a3a6b7d3b9be" executionId="47f936fc-05fa-4cb3-ab05-c37de26f9d1e" testListId="8c84fa94-04c1-424b-9868-57a2d4851a1d" />
    <TestEntry testId="c7167a1f-f5b0-cae6-8d37-128f24b014c1" executionId="3e0b3577-a34d-4f9f-bba8-110e53e038c6" testListId="8c84fa94-04c1-424b-9868-57a2d4851a1d" />
    <TestEntry testId="8f2afcd6-2429-a959-7d0f-51c9c47ba0c4" executionId="789c28c7-2a7e-41ea-8021-60b23bc111db" testListId="8c84fa94-04c1-424b-9868-57a2d4851a1d" />
    <TestEntry testId="0b28c363-cfc5-f5fd-9f67-bbc95cde2066" executionId="c9285416-15a2-481e-ab1f-dad039f9d6d4" testListId="8c84fa94-04c1-424b-9868-57a2d4851a1d" />
    <TestEntry testId="5436548b-eea2-6bff-3495-eae5881c6993" executionId="2cb4d8ed-e2a3-46a2-b571-9f681bf3faa2" testListId="8c84fa94-04c1-424b-9868-57a2d4851a1d" />
  </TestEntries>
  <Results>
    <UnitTestResult executionId="a68f30c7-a6e1-4ee1-b6e0-62a7f5eb1366" testId="430cfa07-be66-8def-ab91-9ebd2e390792" testName="WebServiceConstructorTest" computerName="WGC-PC" duration="00:00:00.0227552" startTime="2014-05-05T21:16:51.6488479+08:00" endTime="2014-05-05T21:16:52.3040491+08:00" testType="13cdc9d9-ddb5-4fa4-a97d-d965ccfc6d4b" outcome="PassedButRunAborted" testListId="8c84fa94-04c1-424b-9868-57a2d4851a1d" relativeResultsDirectory="a68f30c7-a6e1-4ee1-b6e0-62a7f5eb1366">
    </UnitTestResult>
    <UnitTestResult executionId="4c7fa549-83ab-4282-8b75-59c889efcab5" testId="4da2c7b5-0149-9021-57fb-a840a852006f" testName="button_exit_ClickTest" computerName="WGC-PC" duration="00:00:00.6239721" startTime="2014-05-05T21:16:52.3040491+08:00" endTime="2014-05-05T21:16:52.9436502+08:00" testType="13cdc9d9-ddb5-4fa4-a97d-d965ccfc6d4b" outcome="PassedButRunAborted" testListId="8c84fa94-04c1-424b-9868-57a2d4851a1d" relativeResultsDirectory="4c7fa549-83ab-4282-8b75-59c889efcab5">
    </UnitTestResult>
    <UnitTestResult executionId="df84204a-6836-4449-801f-1e529df65833" testId="851fadc4-eb68-7130-2e60-f8183f2faff9" testName="RefleshMenuTest" computerName="WGC-PC" duration="00:00:00.0513629" startTime="2014-05-05T21:16:52.9436502+08:00" endTime="2014-05-05T21:16:53.0060503+08:00" testType="13cdc9d9-ddb5-4fa4-a97d-d965ccfc6d4b" outcome="PassedButRunAborted" testListId="8c84fa94-04c1-424b-9868-57a2d4851a1d" relativeResultsDirectory="df84204a-6836-4449-801f-1e529df65833">
    </UnitTestResult>
    <UnitTestResult executionId="436409c4-4217-4ee7-9de8-dcd7e61bf633" testId="b7d84e66-ffbd-4644-d256-f079fe5b23ea" testName="main_LoadTest" computerName="WGC-PC" duration="00:00:00.0369451" startTime="2014-05-05T21:16:53.0060503+08:00" endTime="2014-05-05T21:16:53.0528504+08:00" testType="13cdc9d9-ddb5-4fa4-a97d-d965ccfc6d4b" outcome="PassedButRunAborted" testListId="8c84fa94-04c1-424b-9868-57a2d4851a1d" relativeResultsDirectory="436409c4-4217-4ee7-9de8-dcd7e61bf633">
    </UnitTestResult>
    <UnitTestResult executionId="507c1e91-0c02-4db0-8b46-21ecef532237" testId="7e369f75-ca60-28a5-209b-ebfa6ffd65b1" testName="button1_ClickTest" computerName="WGC-PC" duration="00:00:00.0254469" startTime="2014-05-05T21:16:53.0528504+08:00" endTime="2014-05-05T21:16:53.0840504+08:00" testType="13cdc9d9-ddb5-4fa4-a97d-d965ccfc6d4b" outcome="PassedButRunAborted" testListId="8c84fa94-04c1-424b-9868-57a2d4851a1d" relativeResultsDirectory="507c1e91-0c02-4db0-8b46-21ecef532237">
    </UnitTestResult>
    <UnitTestResult executionId="ddbbd4f7-2de3-426a-b7a0-33416de2c384" testId="ce781e78-5754-4c40-2ec9-91d6709c1c43" testName="DisposeTest" computerName="WGC-PC" duration="00:00:00.0337783" startTime="2014-05-05T21:16:53.0996505+08:00" endTime="2014-05-05T21:16:53.1308505+08:00" testType="13cdc9d9-ddb5-4fa4-a97d-d965ccfc6d4b" outcome="PassedButRunAborted" testListId="8c84fa94-04c1-424b-9868-57a2d4851a1d" relativeResultsDirectory="ddbbd4f7-2de3-426a-b7a0-33416de2c384">
    </UnitTestResult>
    <UnitTestResult executionId="623448b0-664f-46e7-bb94-4d30c2bfff30" testId="90a3f480-3472-2b55-dee6-429d11855cec" testName="GetUserTest" computerName="WGC-PC" duration="00:00:19.1773123" startTime="2014-05-05T21:16:53.1308505+08:00" endTime="2014-05-05T21:17:12.3188842+08:00" testType="13cdc9d9-ddb5-4fa4-a97d-d965ccfc6d4b" outcome="PassedButRunAborted" testListId="8c84fa94-04c1-424b-9868-57a2d4851a1d" relativeResultsDirectory="623448b0-664f-46e7-bb94-4d30c2bfff30">
    </UnitTestResult>
    <UnitTestResult executionId="b16a1776-8ba1-47fa-9148-170bcc7fd3c0" testId="7dceff2a-6ddf-08d0-c7fe-3ba92b07a92c" testName="GetAcceptedTest" computerName="WGC-PC" duration="00:00:07.4154293" startTime="2014-05-05T21:17:12.3188842+08:00" endTime="2014-05-05T21:17:19.7444973+08:00" testType="13cdc9d9-ddb5-4fa4-a97d-d965ccfc6d4b" outcome="PassedButRunAborted" testListId="8c84fa94-04c1-424b-9868-57a2d4851a1d" relativeResultsDirectory="b16a1776-8ba1-47fa-9148-170bcc7fd3c0">
    </UnitTestResult>
    <UnitTestResult executionId="ca071aba-3d97-4eff-97ab-7f821e8fb266" testId="7592f856-c36a-dc66-728e-5425f89ffc94" testName="DisplayConstructorTest" computerName="WGC-PC" duration="00:00:00.0010639" startTime="2014-05-05T21:17:19.7444973+08:00" endTime="2014-05-05T21:17:19.7600973+08:00" testType="13cdc9d9-ddb5-4fa4-a97d-d965ccfc6d4b" outcome="PassedButRunAborted" testListId="8c84fa94-04c1-424b-9868-57a2d4851a1d" relativeResultsDirectory="ca071aba-3d97-4eff-97ab-7f821e8fb266">
    </UnitTestResult>
    <UnitTestResult executionId="384eb139-4c14-4106-a4ba-489f3ea56043" testId="b1f1b81b-8e2a-4be7-8216-eaebbc7e5353" testName="GetWebContentTest" computerName="WGC-PC" duration="00:00:00.0010451" startTime="2014-05-05T21:17:19.7600973+08:00" endTime="2014-05-05T21:17:19.7600973+08:00" testType="13cdc9d9-ddb5-4fa4-a97d-d965ccfc6d4b" outcome="PassedButRunAborted" testListId="8c84fa94-04c1-424b-9868-57a2d4851a1d" relativeResultsDirectory="384eb139-4c14-4106-a4ba-489f3ea56043">
    </UnitTestResult>
    <UnitTestResult executionId="6e449472-5d13-4da3-bc84-f1edf1cf3f78" testId="2d7a039c-3468-1748-5a8a-8ba1d4b4d7a5" testName="GetUserNameByRankTest" computerName="WGC-PC" duration="00:00:31.9654865" startTime="2014-05-05T21:17:19.7600973+08:00" endTime="2014-05-05T21:17:51.7255838+08:00" testType="13cdc9d9-ddb5-4fa4-a97d-d965ccfc6d4b" outcome="Aborted" testListId="8c84fa94-04c1-424b-9868-57a2d4851a1d" relativeResultsDirectory="6e449472-5d13-4da3-bc84-f1edf1cf3f78">
      <Output>
        <ErrorInfo>
          <Message>用户中止了测试运行。</Message>
        </ErrorInfo>
      </Output>
    </UnitTestResult>
    <UnitTestResult executionId="199cfd02-3ccd-4487-9ad8-a4ba9707fb8f" testId="3d0108a4-8021-3e46-d6f0-6483f59f6e9f" testName="main_MouseDownTest" computerName="WGC-PC" testType="13cdc9d9-ddb5-4fa4-a97d-d965ccfc6d4b" outcome="NotExecuted" testListId="8c84fa94-04c1-424b-9868-57a2d4851a1d" relativeResultsDirectory="199cfd02-3ccd-4487-9ad8-a4ba9707fb8f">
    </UnitTestResult>
    <UnitTestResult executionId="1a19b89d-2aa5-4930-8bdf-429b28f534a8" testId="cd7e107a-f302-34f2-b27f-f76c9a44e19a" testName="DisposeTest" computerName="WGC-PC" testType="13cdc9d9-ddb5-4fa4-a97d-d965ccfc6d4b" outcome="NotExecuted" testListId="8c84fa94-04c1-424b-9868-57a2d4851a1d" relativeResultsDirectory="1a19b89d-2aa5-4930-8bdf-429b28f534a8">
    </UnitTestResult>
    <UnitTestResult executionId="ade70831-84f5-408b-a0e1-400ea129efe7" testId="6280871f-a36f-02b9-19c1-ae2bd4c915ce" testName="SendMessageTest" computerName="WGC-PC" testType="13cdc9d9-ddb5-4fa4-a97d-d965ccfc6d4b" outcome="NotExecuted" testListId="8c84fa94-04c1-424b-9868-57a2d4851a1d" relativeResultsDirectory="ade70831-84f5-408b-a0e1-400ea129efe7">
    </UnitTestResult>
    <UnitTestResult executionId="b2bd9f68-1aba-45e8-97ac-fa6a025ca456" testId="c161caaf-1757-fbd4-151f-e499d9aa44ff" testName="button1_Click_1Test" computerName="WGC-PC" testType="13cdc9d9-ddb5-4fa4-a97d-d965ccfc6d4b" outcome="NotExecuted" testListId="8c84fa94-04c1-424b-9868-57a2d4851a1d" relativeResultsDirectory="b2bd9f68-1aba-45e8-97ac-fa6a025ca456">
    </UnitTestResult>
    <UnitTestResult executionId="47f936fc-05fa-4cb3-ab05-c37de26f9d1e" testId="7ab3a32f-4dc9-ffea-ce42-a3a6b7d3b9be" testName="settings_LoadTest" computerName="WGC-PC" testType="13cdc9d9-ddb5-4fa4-a97d-d965ccfc6d4b" outcome="NotExecuted" testListId="8c84fa94-04c1-424b-9868-57a2d4851a1d" relativeResultsDirectory="47f936fc-05fa-4cb3-ab05-c37de26f9d1e">
    </UnitTestResult>
    <UnitTestResult executionId="3e0b3577-a34d-4f9f-bba8-110e53e038c6" testId="c7167a1f-f5b0-cae6-8d37-128f24b014c1" testName="mainConstructorTest" computerName="WGC-PC" testType="13cdc9d9-ddb5-4fa4-a97d-d965ccfc6d4b" outcome="NotExecuted" testListId="8c84fa94-04c1-424b-9868-57a2d4851a1d" relativeResultsDirectory="3e0b3577-a34d-4f9f-bba8-110e53e038c6">
    </UnitTestResult>
    <UnitTestResult executionId="789c28c7-2a7e-41ea-8021-60b23bc111db" testId="8f2afcd6-2429-a959-7d0f-51c9c47ba0c4" testName="settingsConstructorTest" computerName="WGC-PC" testType="13cdc9d9-ddb5-4fa4-a97d-d965ccfc6d4b" outcome="NotExecuted" testListId="8c84fa94-04c1-424b-9868-57a2d4851a1d" relativeResultsDirectory="789c28c7-2a7e-41ea-8021-60b23bc111db">
    </UnitTestResult>
    <UnitTestResult executionId="c9285416-15a2-481e-ab1f-dad039f9d6d4" testId="0b28c363-cfc5-f5fd-9f67-bbc95cde2066" testName="button2_ClickTest" computerName="WGC-PC" testType="13cdc9d9-ddb5-4fa4-a97d-d965ccfc6d4b" outcome="NotExecuted" testListId="8c84fa94-04c1-424b-9868-57a2d4851a1d" relativeResultsDirectory="c9285416-15a2-481e-ab1f-dad039f9d6d4">
    </UnitTestResult>
    <UnitTestResult executionId="2cb4d8ed-e2a3-46a2-b571-9f681bf3faa2" testId="5436548b-eea2-6bff-3495-eae5881c6993" testName="getRecommandTest" computerName="WGC-PC" testType="13cdc9d9-ddb5-4fa4-a97d-d965ccfc6d4b" outcome="NotExecuted" testListId="8c84fa94-04c1-424b-9868-57a2d4851a1d" relativeResultsDirectory="2cb4d8ed-e2a3-46a2-b571-9f681bf3faa2">
    </UnitTestResult>
  </Results>
</TestRun>