<?xml version="1.0" encoding="UTF-8"?>
<TestRun id="0a9fae9d-a43d-43e6-85bd-e46212e891a9" name="WGC@WGC-PC 2014-04-28 17:01:56" runUser="WGC-PC\WGC" xmlns="http://microsoft.com/schemas/VisualStudio/TeamTest/2010">
  <TestSettings name="本地" id="15eaff23-6fdd-4e4a-895b-27afa8f22191">
    <Description>这些设置为本地测试运行的默认测试设置。</Description>
    <Deployment enabled="false" runDeploymentRoot="WGC_WGC-PC 2014-04-28 17_01_56">
      <DeploymentItem filename="D:\git_file\yuanxing3\Prototype2.0\Prototype2.0\bin\Debug\Prototype2.0.exe" />
    </Deployment>
    <Execution>
      <TestTypeSpecific />
      <AgentRule name="Execution Agents">
      </AgentRule>
    </Execution>
  </TestSettings>
  <Times creation="2014-04-28T17:01:56.8158054+08:00" queuing="2014-04-28T17:01:56.8298062+08:00" start="2014-04-28T17:01:56.8578078+08:00" finish="2014-04-28T17:01:57.2258289+08:00" />
  <ResultSummary outcome="Failed">
    <Counters total="1" executed="1" error="0" failed="1" timeout="0" aborted="0" inconclusive="0" passedButRunAborted="0" notRunnable="0" notExecuted="0" disconnected="0" warning="0" passed="0" completed="0" inProgress="0" pending="0" />
    <RunInfos>
      <RunInfo computerName="WGC-PC" outcome="Warning" timestamp="2014-04-28T17:01:56.8298062+08:00">
        <Text>当前已禁用部署。未部署测试“UnitTest.mainTest.ShowPanelTest”中的部署项“Prototype2.0.exe”。</Text>
      </RunInfo>
    </RunInfos>
  </ResultSummary>
  <TestDefinitions>
    <UnitTest name="ShowPanelTest" storage="d:\git_file\yuanxing3\prototype2.0\unittest\bin\debug\unittest.dll" id="c5fea2f7-ef96-a3bf-dcf6-b7d763bf7ffd">
      <DeploymentItems>
        <DeploymentItem filename="Prototype2.0.exe" />
      </DeploymentItems>
      <Execution id="62cb0399-1bad-4794-8edb-daf787589c66" />
      <TestMethod codeBase="D:/git_file/yuanxing3/Prototype2.0/UnitTest/bin/Debug/UnitTest.DLL" adapterTypeName="Microsoft.VisualStudio.TestTools.TestTypes.Unit.UnitTestAdapter, Microsoft.VisualStudio.QualityTools.Tips.UnitTest.Adapter, Version=10.0.0.0, Culture=neutral, PublicKeyToken=b03f5f7f11d50a3a" className="UnitTest.mainTest, UnitTest, Version=1.0.0.0, Culture=neutral, PublicKeyToken=null" name="ShowPanelTest" />
    </UnitTest>
  </TestDefinitions>
  <TestLists>
    <TestList name="列表中未列出的结果" id="8c84fa94-04c1-424b-9868-57a2d4851a1d" />
    <TestList name="所有已加载的结果" id="19431567-8539-422a-85d7-44ee4e166bda" />
  </TestLists>
  <TestEntries>
    <TestEntry testId="c5fea2f7-ef96-a3bf-dcf6-b7d763bf7ffd" executionId="62cb0399-1bad-4794-8edb-daf787589c66" testListId="8c84fa94-04c1-424b-9868-57a2d4851a1d" />
  </TestEntries>
  <Results>
    <UnitTestResult executionId="62cb0399-1bad-4794-8edb-daf787589c66" testId="c5fea2f7-ef96-a3bf-dcf6-b7d763bf7ffd" testName="ShowPanelTest" computerName="WGC-PC" duration="00:00:00.1414791" startTime="2014-04-28T17:01:56.8608080+08:00" endTime="2014-04-28T17:01:57.2058277+08:00" testType="13cdc9d9-ddb5-4fa4-a97d-d965ccfc6d4b" outcome="Failed" testListId="8c84fa94-04c1-424b-9868-57a2d4851a1d" relativeResultsDirectory="62cb0399-1bad-4794-8edb-daf787589c66">
      <Output>
        <ErrorInfo>
          <Message>测试方法 UnitTest.mainTest.ShowPanelTest 引发了异常: 
System.ArgumentOutOfRangeException: 索引超出范围。必须为非负值并小于集合大小。
参数名: index</Message>
          <StackTrace>   在 Prototype2._0.main_Accessor.ShowPanel(Int32 index)
   在 UnitTest.mainTest.ShowPanelTest() 位置 D:\git_file\yuanxing3\Prototype2.0\UnitTest\mainTest.cs:行号 241
</StackTrace>
        </ErrorInfo>
      </Output>
    </UnitTestResult>
  </Results>
</TestRun>