<?xml version="1.0" encoding="UTF-8"?>
<TestRun id="aec19735-fdb4-4392-b039-837cf96f92ec" name="WGC@WGC-PC 2014-05-05 17:55:29" runUser="WGC-PC\WGC" xmlns="http://microsoft.com/schemas/VisualStudio/TeamTest/2010">
  <TestSettings name="本地" id="15eaff23-6fdd-4e4a-895b-27afa8f22191">
    <Description>这些设置为本地测试运行的默认测试设置。</Description>
    <Deployment enabled="false" runDeploymentRoot="WGC_WGC-PC 2014-05-05 17_55_29">
      <DeploymentItem filename="D:\git_file\yuanxing5\Prototype2.0\Prototype2.0\bin\Debug\Prototype2.0.exe" />
    </Deployment>
    <Execution>
      <TestTypeSpecific />
      <AgentRule name="Execution Agents">
      </AgentRule>
    </Execution>
  </TestSettings>
  <Times creation="2014-05-05T17:55:29.7992735+08:00" queuing="2014-05-05T17:55:29.8148735+08:00" start="2014-05-05T17:55:29.8304735+08:00" finish="2014-05-05T17:55:30.4700747+08:00" />
  <ResultSummary outcome="Warning">
    <Counters total="13" executed="13" passed="13" error="0" failed="0" timeout="0" aborted="0" inconclusive="0" passedButRunAborted="0" notRunnable="0" notExecuted="0" disconnected="0" warning="0" completed="0" inProgress="0" pending="0" />
    <RunInfos>
      <RunInfo computerName="WGC-PC" outcome="Warning" timestamp="2014-05-05T17:55:29.8148735+08:00">
        <Text>当前已禁用部署。未部署测试“UnitTest.settingsTest.settings_LoadTest”中的部署项“Prototype2.0.exe”。</Text>
      </RunInfo>
    </RunInfos>
  </ResultSummary>
  <TestDefinitions>
    <UnitTest name="settings_LoadTest" storage="d:\git_file\yuanxing5\prototype2.0\unittest\bin\debug\unittest.dll" id="7ab3a32f-4dc9-ffea-ce42-a3a6b7d3b9be">
      <DeploymentItems>
        <DeploymentItem filename="Prototype2.0.exe" />
      </DeploymentItems>
      <Execution id="901791f0-bb05-48bc-bbee-0efad55f025e" />
      <TestMethod codeBase="D:/git_file/yuanxing5/Prototype2.0/UnitTest/bin/Debug/UnitTest.DLL" adapterTypeName="Microsoft.VisualStudio.TestTools.TestTypes.Unit.UnitTestAdapter, Microsoft.VisualStudio.QualityTools.Tips.UnitTest.Adapter, Version=10.0.0.0, Culture=neutral, PublicKeyToken=b03f5f7f11d50a3a" className="UnitTest.settingsTest, UnitTest, Version=1.0.0.0, Culture=neutral, PublicKeyToken=null" name="settings_LoadTest" />
    </UnitTest>
    <UnitTest name="button_exit_ClickTest" storage="d:\git_file\yuanxing5\prototype2.0\unittest\bin\debug\unittest.dll" id="4da2c7b5-0149-9021-57fb-a840a852006f">
      <DeploymentItems>
        <DeploymentItem filename="Prototype2.0.exe" />
      </DeploymentItems>
      <Execution id="f0f33943-8186-4e1c-b56b-e42981191fd9" />
      <TestMethod codeBase="D:/git_file/yuanxing5/Prototype2.0/UnitTest/bin/Debug/UnitTest.DLL" adapterTypeName="Microsoft.VisualStudio.TestTools.TestTypes.Unit.UnitTestAdapter, Microsoft.VisualStudio.QualityTools.Tips.UnitTest.Adapter, Version=10.0.0.0, Culture=neutral, PublicKeyToken=b03f5f7f11d50a3a" className="UnitTest.mainTest, UnitTest, Version=1.0.0.0, Culture=neutral, PublicKeyToken=null" name="button_exit_ClickTest" />
    </UnitTest>
    <UnitTest name="settingsConstructorTest" storage="d:\git_file\yuanxing5\prototype2.0\unittest\bin\debug\unittest.dll" id="8f2afcd6-2429-a959-7d0f-51c9c47ba0c4">
      <Execution id="fff3dca3-58a0-4267-9c94-d256bad2b902" />
      <TestMethod codeBase="D:/git_file/yuanxing5/Prototype2.0/UnitTest/bin/Debug/UnitTest.DLL" adapterTypeName="Microsoft.VisualStudio.TestTools.TestTypes.Unit.UnitTestAdapter, Microsoft.VisualStudio.QualityTools.Tips.UnitTest.Adapter, Version=10.0.0.0, Culture=neutral, PublicKeyToken=b03f5f7f11d50a3a" className="UnitTest.settingsTest, UnitTest, Version=1.0.0.0, Culture=neutral, PublicKeyToken=null" name="settingsConstructorTest" />
    </UnitTest>
    <UnitTest name="getRecommandTest" storage="d:\git_file\yuanxing5\prototype2.0\unittest\bin\debug\unittest.dll" id="5436548b-eea2-6bff-3495-eae5881c6993">
      <DeploymentItems>
        <DeploymentItem filename="Prototype2.0.exe" />
      </DeploymentItems>
      <Execution id="4b93a19b-c008-429d-8f95-6d24666bffed" />
      <TestMethod codeBase="D:/git_file/yuanxing5/Prototype2.0/UnitTest/bin/Debug/UnitTest.DLL" adapterTypeName="Microsoft.VisualStudio.TestTools.TestTypes.Unit.UnitTestAdapter, Microsoft.VisualStudio.QualityTools.Tips.UnitTest.Adapter, Version=10.0.0.0, Culture=neutral, PublicKeyToken=b03f5f7f11d50a3a" className="UnitTest.mainTest, UnitTest, Version=1.0.0.0, Culture=neutral, PublicKeyToken=null" name="getRecommandTest" />
    </UnitTest>
    <UnitTest name="DisposeTest" storage="d:\git_file\yuanxing5\prototype2.0\unittest\bin\debug\unittest.dll" id="ce781e78-5754-4c40-2ec9-91d6709c1c43">
      <DeploymentItems>
        <DeploymentItem filename="Prototype2.0.exe" />
      </DeploymentItems>
      <Execution id="0f4aaf47-0759-4c96-b329-52b292ca3cba" />
      <TestMethod codeBase="D:/git_file/yuanxing5/Prototype2.0/UnitTest/bin/Debug/UnitTest.DLL" adapterTypeName="Microsoft.VisualStudio.TestTools.TestTypes.Unit.UnitTestAdapter, Microsoft.VisualStudio.QualityTools.Tips.UnitTest.Adapter, Version=10.0.0.0, Culture=neutral, PublicKeyToken=b03f5f7f11d50a3a" className="UnitTest.mainTest, UnitTest, Version=1.0.0.0, Culture=neutral, PublicKeyToken=null" name="DisposeTest" />
    </UnitTest>
    <UnitTest name="main_LoadTest" storage="d:\git_file\yuanxing5\prototype2.0\unittest\bin\debug\unittest.dll" id="b7d84e66-ffbd-4644-d256-f079fe5b23ea">
      <DeploymentItems>
        <DeploymentItem filename="Prototype2.0.exe" />
      </DeploymentItems>
      <Execution id="e3f7b106-8e18-40a1-bebd-013637477906" />
      <TestMethod codeBase="D:/git_file/yuanxing5/Prototype2.0/UnitTest/bin/Debug/UnitTest.DLL" adapterTypeName="Microsoft.VisualStudio.TestTools.TestTypes.Unit.UnitTestAdapter, Microsoft.VisualStudio.QualityTools.Tips.UnitTest.Adapter, Version=10.0.0.0, Culture=neutral, PublicKeyToken=b03f5f7f11d50a3a" className="UnitTest.mainTest, UnitTest, Version=1.0.0.0, Culture=neutral, PublicKeyToken=null" name="main_LoadTest" />
    </UnitTest>
    <UnitTest name="RefleshMenuTest" storage="d:\git_file\yuanxing5\prototype2.0\unittest\bin\debug\unittest.dll" id="851fadc4-eb68-7130-2e60-f8183f2faff9">
      <DeploymentItems>
        <DeploymentItem filename="Prototype2.0.exe" />
      </DeploymentItems>
      <Execution id="0907bb43-c842-4c89-ad96-a7af16888238" />
      <TestMethod codeBase="D:/git_file/yuanxing5/Prototype2.0/UnitTest/bin/Debug/UnitTest.DLL" adapterTypeName="Microsoft.VisualStudio.TestTools.TestTypes.Unit.UnitTestAdapter, Microsoft.VisualStudio.QualityTools.Tips.UnitTest.Adapter, Version=10.0.0.0, Culture=neutral, PublicKeyToken=b03f5f7f11d50a3a" className="UnitTest.settingsTest, UnitTest, Version=1.0.0.0, Culture=neutral, PublicKeyToken=null" name="RefleshMenuTest" />
    </UnitTest>
    <UnitTest name="button1_ClickTest" storage="d:\git_file\yuanxing5\prototype2.0\unittest\bin\debug\unittest.dll" id="7e369f75-ca60-28a5-209b-ebfa6ffd65b1">
      <DeploymentItems>
        <DeploymentItem filename="Prototype2.0.exe" />
      </DeploymentItems>
      <Execution id="378c4467-7275-42ce-95d4-5f75dcecc1aa" />
      <TestMethod codeBase="D:/git_file/yuanxing5/Prototype2.0/UnitTest/bin/Debug/UnitTest.DLL" adapterTypeName="Microsoft.VisualStudio.TestTools.TestTypes.Unit.UnitTestAdapter, Microsoft.VisualStudio.QualityTools.Tips.UnitTest.Adapter, Version=10.0.0.0, Culture=neutral, PublicKeyToken=b03f5f7f11d50a3a" className="UnitTest.mainTest, UnitTest, Version=1.0.0.0, Culture=neutral, PublicKeyToken=null" name="button1_ClickTest" />
    </UnitTest>
    <UnitTest name="button2_ClickTest" storage="d:\git_file\yuanxing5\prototype2.0\unittest\bin\debug\unittest.dll" id="0b28c363-cfc5-f5fd-9f67-bbc95cde2066">
      <DeploymentItems>
        <DeploymentItem filename="Prototype2.0.exe" />
      </DeploymentItems>
      <Execution id="765c6361-becf-43db-bf2e-0f09e3480c61" />
      <TestMethod codeBase="D:/git_file/yuanxing5/Prototype2.0/UnitTest/bin/Debug/UnitTest.DLL" adapterTypeName="Microsoft.VisualStudio.TestTools.TestTypes.Unit.UnitTestAdapter, Microsoft.VisualStudio.QualityTools.Tips.UnitTest.Adapter, Version=10.0.0.0, Culture=neutral, PublicKeyToken=b03f5f7f11d50a3a" className="UnitTest.mainTest, UnitTest, Version=1.0.0.0, Culture=neutral, PublicKeyToken=null" name="button2_ClickTest" />
    </UnitTest>
    <UnitTest name="mainConstructorTest" storage="d:\git_file\yuanxing5\prototype2.0\unittest\bin\debug\unittest.dll" id="c7167a1f-f5b0-cae6-8d37-128f24b014c1">
      <Execution id="e5649014-d38e-4379-b69e-1d15052ab26e" />
      <TestMethod codeBase="D:/git_file/yuanxing5/Prototype2.0/UnitTest/bin/Debug/UnitTest.DLL" adapterTypeName="Microsoft.VisualStudio.TestTools.TestTypes.Unit.UnitTestAdapter, Microsoft.VisualStudio.QualityTools.Tips.UnitTest.Adapter, Version=10.0.0.0, Culture=neutral, PublicKeyToken=b03f5f7f11d50a3a" className="UnitTest.mainTest, UnitTest, Version=1.0.0.0, Culture=neutral, PublicKeyToken=null" name="mainConstructorTest" />
    </UnitTest>
    <UnitTest name="button1_Click_1Test" storage="d:\git_file\yuanxing5\prototype2.0\unittest\bin\debug\unittest.dll" id="c161caaf-1757-fbd4-151f-e499d9aa44ff">
      <DeploymentItems>
        <DeploymentItem filename="Prototype2.0.exe" />
      </DeploymentItems>
      <Execution id="9866efbf-a68e-49a1-8c98-2586002bf32c" />
      <TestMethod codeBase="D:/git_file/yuanxing5/Prototype2.0/UnitTest/bin/Debug/UnitTest.DLL" adapterTypeName="Microsoft.VisualStudio.TestTools.TestTypes.Unit.UnitTestAdapter, Microsoft.VisualStudio.QualityTools.Tips.UnitTest.Adapter, Version=10.0.0.0, Culture=neutral, PublicKeyToken=b03f5f7f11d50a3a" className="UnitTest.mainTest, UnitTest, Version=1.0.0.0, Culture=neutral, PublicKeyToken=null" name="button1_Click_1Test" />
    </UnitTest>
    <UnitTest name="SendMessageTest" storage="d:\git_file\yuanxing5\prototype2.0\unittest\bin\debug\unittest.dll" id="6280871f-a36f-02b9-19c1-ae2bd4c915ce">
      <Execution id="a8ec1890-0747-4719-8200-5aa238537002" />
      <TestMethod codeBase="D:/git_file/yuanxing5/Prototype2.0/UnitTest/bin/Debug/UnitTest.DLL" adapterTypeName="Microsoft.VisualStudio.TestTools.TestTypes.Unit.UnitTestAdapter, Microsoft.VisualStudio.QualityTools.Tips.UnitTest.Adapter, Version=10.0.0.0, Culture=neutral, PublicKeyToken=b03f5f7f11d50a3a" className="UnitTest.mainTest, UnitTest, Version=1.0.0.0, Culture=neutral, PublicKeyToken=null" name="SendMessageTest" />
    </UnitTest>
    <UnitTest name="DisposeTest" storage="d:\git_file\yuanxing5\prototype2.0\unittest\bin\debug\unittest.dll" id="cd7e107a-f302-34f2-b27f-f76c9a44e19a">
      <DeploymentItems>
        <DeploymentItem filename="Prototype2.0.exe" />
      </DeploymentItems>
      <Execution id="3a2e73c1-b937-4676-9e75-09cca51b3c39" />
      <TestMethod codeBase="D:/git_file/yuanxing5/Prototype2.0/UnitTest/bin/Debug/UnitTest.DLL" adapterTypeName="Microsoft.VisualStudio.TestTools.TestTypes.Unit.UnitTestAdapter, Microsoft.VisualStudio.QualityTools.Tips.UnitTest.Adapter, Version=10.0.0.0, Culture=neutral, PublicKeyToken=b03f5f7f11d50a3a" className="UnitTest.settingsTest, UnitTest, Version=1.0.0.0, Culture=neutral, PublicKeyToken=null" name="DisposeTest" />
    </UnitTest>
  </TestDefinitions>
  <TestLists>
    <TestList name="列表中未列出的结果" id="8c84fa94-04c1-424b-9868-57a2d4851a1d" />
    <TestList name="所有已加载的结果" id="19431567-8539-422a-85d7-44ee4e166bda" />
  </TestLists>
  <TestEntries>
    <TestEntry testId="4da2c7b5-0149-9021-57fb-a840a852006f" executionId="f0f33943-8186-4e1c-b56b-e42981191fd9" testListId="8c84fa94-04c1-424b-9868-57a2d4851a1d" />
    <TestEntry testId="851fadc4-eb68-7130-2e60-f8183f2faff9" executionId="0907bb43-c842-4c89-ad96-a7af16888238" testListId="8c84fa94-04c1-424b-9868-57a2d4851a1d" />
    <TestEntry testId="b7d84e66-ffbd-4644-d256-f079fe5b23ea" executionId="e3f7b106-8e18-40a1-bebd-013637477906" testListId="8c84fa94-04c1-424b-9868-57a2d4851a1d" />
    <TestEntry testId="7e369f75-ca60-28a5-209b-ebfa6ffd65b1" executionId="378c4467-7275-42ce-95d4-5f75dcecc1aa" testListId="8c84fa94-04c1-424b-9868-57a2d4851a1d" />
    <TestEntry testId="ce781e78-5754-4c40-2ec9-91d6709c1c43" executionId="0f4aaf47-0759-4c96-b329-52b292ca3cba" testListId="8c84fa94-04c1-424b-9868-57a2d4851a1d" />
    <TestEntry testId="cd7e107a-f302-34f2-b27f-f76c9a44e19a" executionId="3a2e73c1-b937-4676-9e75-09cca51b3c39" testListId="8c84fa94-04c1-424b-9868-57a2d4851a1d" />
    <TestEntry testId="6280871f-a36f-02b9-19c1-ae2bd4c915ce" executionId="a8ec1890-0747-4719-8200-5aa238537002" testListId="8c84fa94-04c1-424b-9868-57a2d4851a1d" />
    <TestEntry testId="c161caaf-1757-fbd4-151f-e499d9aa44ff" executionId="9866efbf-a68e-49a1-8c98-2586002bf32c" testListId="8c84fa94-04c1-424b-9868-57a2d4851a1d" />
    <TestEntry testId="7ab3a32f-4dc9-ffea-ce42-a3a6b7d3b9be" executionId="901791f0-bb05-48bc-bbee-0efad55f025e" testListId="8c84fa94-04c1-424b-9868-57a2d4851a1d" />
    <TestEntry testId="c7167a1f-f5b0-cae6-8d37-128f24b014c1" executionId="e5649014-d38e-4379-b69e-1d15052ab26e" testListId="8c84fa94-04c1-424b-9868-57a2d4851a1d" />
    <TestEntry testId="8f2afcd6-2429-a959-7d0f-51c9c47ba0c4" executionId="fff3dca3-58a0-4267-9c94-d256bad2b902" testListId="8c84fa94-04c1-424b-9868-57a2d4851a1d" />
    <TestEntry testId="0b28c363-cfc5-f5fd-9f67-bbc95cde2066" executionId="765c6361-becf-43db-bf2e-0f09e3480c61" testListId="8c84fa94-04c1-424b-9868-57a2d4851a1d" />
    <TestEntry testId="5436548b-eea2-6bff-3495-eae5881c6993" executionId="4b93a19b-c008-429d-8f95-6d24666bffed" testListId="8c84fa94-04c1-424b-9868-57a2d4851a1d" />
  </TestEntries>
  <Results>
    <UnitTestResult executionId="f0f33943-8186-4e1c-b56b-e42981191fd9" testId="4da2c7b5-0149-9021-57fb-a840a852006f" testName="button_exit_ClickTest" computerName="WGC-PC" duration="00:00:00.0976043" startTime="2014-05-05T17:55:29.8304735+08:00" endTime="2014-05-05T17:55:30.1268741+08:00" testType="13cdc9d9-ddb5-4fa4-a97d-d965ccfc6d4b" outcome="Passed" testListId="8c84fa94-04c1-424b-9868-57a2d4851a1d" relativeResultsDirectory="f0f33943-8186-4e1c-b56b-e42981191fd9">
    </UnitTestResult>
    <UnitTestResult executionId="0907bb43-c842-4c89-ad96-a7af16888238" testId="851fadc4-eb68-7130-2e60-f8183f2faff9" testName="RefleshMenuTest" computerName="WGC-PC" duration="00:00:00.0180280" startTime="2014-05-05T17:55:30.1268741+08:00" endTime="2014-05-05T17:55:30.1580741+08:00" testType="13cdc9d9-ddb5-4fa4-a97d-d965ccfc6d4b" outcome="Passed" testListId="8c84fa94-04c1-424b-9868-57a2d4851a1d" relativeResultsDirectory="0907bb43-c842-4c89-ad96-a7af16888238">
    </UnitTestResult>
    <UnitTestResult executionId="e3f7b106-8e18-40a1-bebd-013637477906" testId="b7d84e66-ffbd-4644-d256-f079fe5b23ea" testName="main_LoadTest" computerName="WGC-PC" duration="00:00:00.0342834" startTime="2014-05-05T17:55:30.1580741+08:00" endTime="2014-05-05T17:55:30.2048742+08:00" testType="13cdc9d9-ddb5-4fa4-a97d-d965ccfc6d4b" outcome="Passed" testListId="8c84fa94-04c1-424b-9868-57a2d4851a1d" relativeResultsDirectory="e3f7b106-8e18-40a1-bebd-013637477906">
    </UnitTestResult>
    <UnitTestResult executionId="378c4467-7275-42ce-95d4-5f75dcecc1aa" testId="7e369f75-ca60-28a5-209b-ebfa6ffd65b1" testName="button1_ClickTest" computerName="WGC-PC" duration="00:00:00.0267555" startTime="2014-05-05T17:55:30.2048742+08:00" endTime="2014-05-05T17:55:30.2360743+08:00" testType="13cdc9d9-ddb5-4fa4-a97d-d965ccfc6d4b" outcome="Passed" testListId="8c84fa94-04c1-424b-9868-57a2d4851a1d" relativeResultsDirectory="378c4467-7275-42ce-95d4-5f75dcecc1aa">
    </UnitTestResult>
    <UnitTestResult executionId="0f4aaf47-0759-4c96-b329-52b292ca3cba" testId="ce781e78-5754-4c40-2ec9-91d6709c1c43" testName="DisposeTest" computerName="WGC-PC" duration="00:00:00.0243538" startTime="2014-05-05T17:55:30.2360743+08:00" endTime="2014-05-05T17:55:30.2672743+08:00" testType="13cdc9d9-ddb5-4fa4-a97d-d965ccfc6d4b" outcome="Passed" testListId="8c84fa94-04c1-424b-9868-57a2d4851a1d" relativeResultsDirectory="0f4aaf47-0759-4c96-b329-52b292ca3cba">
    </UnitTestResult>
    <UnitTestResult executionId="3a2e73c1-b937-4676-9e75-09cca51b3c39" testId="cd7e107a-f302-34f2-b27f-f76c9a44e19a" testName="DisposeTest" computerName="WGC-PC" duration="00:00:00.0098654" startTime="2014-05-05T17:55:30.2672743+08:00" endTime="2014-05-05T17:55:30.2828743+08:00" testType="13cdc9d9-ddb5-4fa4-a97d-d965ccfc6d4b" outcome="Passed" testListId="8c84fa94-04c1-424b-9868-57a2d4851a1d" relativeResultsDirectory="3a2e73c1-b937-4676-9e75-09cca51b3c39">
    </UnitTestResult>
    <UnitTestResult executionId="a8ec1890-0747-4719-8200-5aa238537002" testId="6280871f-a36f-02b9-19c1-ae2bd4c915ce" testName="SendMessageTest" computerName="WGC-PC" duration="00:00:00.0007411" startTime="2014-05-05T17:55:30.2828743+08:00" endTime="2014-05-05T17:55:30.2828743+08:00" testType="13cdc9d9-ddb5-4fa4-a97d-d965ccfc6d4b" outcome="Passed" testListId="8c84fa94-04c1-424b-9868-57a2d4851a1d" relativeResultsDirectory="a8ec1890-0747-4719-8200-5aa238537002">
    </UnitTestResult>
    <UnitTestResult executionId="9866efbf-a68e-49a1-8c98-2586002bf32c" testId="c161caaf-1757-fbd4-151f-e499d9aa44ff" testName="button1_Click_1Test" computerName="WGC-PC" duration="00:00:00.0248588" startTime="2014-05-05T17:55:30.2828743+08:00" endTime="2014-05-05T17:55:30.3140744+08:00" testType="13cdc9d9-ddb5-4fa4-a97d-d965ccfc6d4b" outcome="Passed" testListId="8c84fa94-04c1-424b-9868-57a2d4851a1d" relativeResultsDirectory="9866efbf-a68e-49a1-8c98-2586002bf32c">
    </UnitTestResult>
    <UnitTestResult executionId="901791f0-bb05-48bc-bbee-0efad55f025e" testId="7ab3a32f-4dc9-ffea-ce42-a3a6b7d3b9be" testName="settings_LoadTest" computerName="WGC-PC" duration="00:00:00.0110363" startTime="2014-05-05T17:55:30.3140744+08:00" endTime="2014-05-05T17:55:30.3452744+08:00" testType="13cdc9d9-ddb5-4fa4-a97d-d965ccfc6d4b" outcome="Passed" testListId="8c84fa94-04c1-424b-9868-57a2d4851a1d" relativeResultsDirectory="901791f0-bb05-48bc-bbee-0efad55f025e">
    </UnitTestResult>
    <UnitTestResult executionId="e5649014-d38e-4379-b69e-1d15052ab26e" testId="c7167a1f-f5b0-cae6-8d37-128f24b014c1" testName="mainConstructorTest" computerName="WGC-PC" duration="00:00:00.0258420" startTime="2014-05-05T17:55:30.3452744+08:00" endTime="2014-05-05T17:55:30.3764745+08:00" testType="13cdc9d9-ddb5-4fa4-a97d-d965ccfc6d4b" outcome="Passed" testListId="8c84fa94-04c1-424b-9868-57a2d4851a1d" relativeResultsDirectory="e5649014-d38e-4379-b69e-1d15052ab26e">
    </UnitTestResult>
    <UnitTestResult executionId="fff3dca3-58a0-4267-9c94-d256bad2b902" testId="8f2afcd6-2429-a959-7d0f-51c9c47ba0c4" testName="settingsConstructorTest" computerName="WGC-PC" duration="00:00:00.0089609" startTime="2014-05-05T17:55:30.3764745+08:00" endTime="2014-05-05T17:55:30.3920745+08:00" testType="13cdc9d9-ddb5-4fa4-a97d-d965ccfc6d4b" outcome="Passed" testListId="8c84fa94-04c1-424b-9868-57a2d4851a1d" relativeResultsDirectory="fff3dca3-58a0-4267-9c94-d256bad2b902">
    </UnitTestResult>
    <UnitTestResult executionId="765c6361-becf-43db-bf2e-0f09e3480c61" testId="0b28c363-cfc5-f5fd-9f67-bbc95cde2066" testName="button2_ClickTest" computerName="WGC-PC" duration="00:00:00.0247382" startTime="2014-05-05T17:55:30.3920745+08:00" endTime="2014-05-05T17:55:30.4232746+08:00" testType="13cdc9d9-ddb5-4fa4-a97d-d965ccfc6d4b" outcome="Passed" testListId="8c84fa94-04c1-424b-9868-57a2d4851a1d" relativeResultsDirectory="765c6361-becf-43db-bf2e-0f09e3480c61">
    </UnitTestResult>
    <UnitTestResult executionId="4b93a19b-c008-429d-8f95-6d24666bffed" testId="5436548b-eea2-6bff-3495-eae5881c6993" testName="getRecommandTest" computerName="WGC-PC" duration="00:00:00.0253057" startTime="2014-05-05T17:55:30.4232746+08:00" endTime="2014-05-05T17:55:30.4544746+08:00" testType="13cdc9d9-ddb5-4fa4-a97d-d965ccfc6d4b" outcome="Passed" testListId="8c84fa94-04c1-424b-9868-57a2d4851a1d" relativeResultsDirectory="4b93a19b-c008-429d-8f95-6d24666bffed">
    </UnitTestResult>
  </Results>
</TestRun>