<?xml version="1.0" encoding="UTF-8"?>
<TestRun id="d447cb04-6d9c-45dd-ab50-8a71093a42c4" name="WGC@WGC-PC 2014-04-28 16:57:57" runUser="WGC-PC\WGC" xmlns="http://microsoft.com/schemas/VisualStudio/TeamTest/2010">
  <TestSettings name="本地" id="15eaff23-6fdd-4e4a-895b-27afa8f22191">
    <Description>这些设置为本地测试运行的默认测试设置。</Description>
    <Deployment enabled="false" runDeploymentRoot="WGC_WGC-PC 2014-04-28 16_57_57">
      <DeploymentItem filename="D:\git_file\yuanxing3\Prototype2.0\Prototype2.0\bin\Debug\Prototype2.0.exe" />
    </Deployment>
    <Execution>
      <TestTypeSpecific />
      <AgentRule name="Execution Agents">
      </AgentRule>
    </Execution>
  </TestSettings>
  <Times creation="2014-04-28T16:57:57.4028635+08:00" queuing="2014-04-28T16:57:57.4158642+08:00" start="2014-04-28T16:57:57.4308651+08:00" finish="2014-04-28T16:57:57.8258704+08:00" />
  <ResultSummary outcome="Warning">
    <Counters total="1" executed="1" passed="1" error="0" failed="0" timeout="0" aborted="0" inconclusive="0" passedButRunAborted="0" notRunnable="0" notExecuted="0" disconnected="0" warning="0" completed="0" inProgress="0" pending="0" />
    <RunInfos>
      <RunInfo computerName="WGC-PC" outcome="Warning" timestamp="2014-04-28T16:57:57.4158642+08:00">
        <Text>当前已禁用部署。未部署测试“UnitTest.mainTest.InitMenuTest”中的部署项“Prototype2.0.exe”。</Text>
      </RunInfo>
    </RunInfos>
  </ResultSummary>
  <TestDefinitions>
    <UnitTest name="InitMenuTest" storage="d:\git_file\yuanxing3\prototype2.0\unittest\bin\debug\unittest.dll" id="d7628444-92a9-9a0a-e237-07d76c417ea0">
      <DeploymentItems>
        <DeploymentItem filename="Prototype2.0.exe" />
      </DeploymentItems>
      <Execution id="5aae38ed-28de-49f5-b2b4-057dd0a69e59" />
      <TestMethod codeBase="D:/git_file/yuanxing3/Prototype2.0/UnitTest/bin/Debug/UnitTest.DLL" adapterTypeName="Microsoft.VisualStudio.TestTools.TestTypes.Unit.UnitTestAdapter, Microsoft.VisualStudio.QualityTools.Tips.UnitTest.Adapter, Version=10.0.0.0, Culture=neutral, PublicKeyToken=b03f5f7f11d50a3a" className="UnitTest.mainTest, UnitTest, Version=1.0.0.0, Culture=neutral, PublicKeyToken=null" name="InitMenuTest" />
    </UnitTest>
  </TestDefinitions>
  <TestLists>
    <TestList name="列表中未列出的结果" id="8c84fa94-04c1-424b-9868-57a2d4851a1d" />
    <TestList name="所有已加载的结果" id="19431567-8539-422a-85d7-44ee4e166bda" />
  </TestLists>
  <TestEntries>
    <TestEntry testId="d7628444-92a9-9a0a-e237-07d76c417ea0" executionId="5aae38ed-28de-49f5-b2b4-057dd0a69e59" testListId="8c84fa94-04c1-424b-9868-57a2d4851a1d" />
  </TestEntries>
  <Results>
    <UnitTestResult executionId="5aae38ed-28de-49f5-b2b4-057dd0a69e59" testId="d7628444-92a9-9a0a-e237-07d76c417ea0" testName="InitMenuTest" computerName="WGC-PC" duration="00:00:00.1270138" startTime="2014-04-28T16:57:57.4338653+08:00" endTime="2014-04-28T16:57:57.8102704+08:00" testType="13cdc9d9-ddb5-4fa4-a97d-d965ccfc6d4b" outcome="Passed" testListId="8c84fa94-04c1-424b-9868-57a2d4851a1d" relativeResultsDirectory="5aae38ed-28de-49f5-b2b4-057dd0a69e59">
    </UnitTestResult>
  </Results>
</TestRun>