<?xml version="1.0" encoding="UTF-8"?>
<TestRun id="29385865-c65e-483a-9c23-f76a5ed1674b" name="WGC@WGC-PC 2014-04-28 17:02:39" runUser="WGC-PC\WGC" xmlns="http://microsoft.com/schemas/VisualStudio/TeamTest/2010">
  <TestSettings name="本地" id="15eaff23-6fdd-4e4a-895b-27afa8f22191">
    <Description>这些设置为本地测试运行的默认测试设置。</Description>
    <Deployment enabled="false" runDeploymentRoot="WGC_WGC-PC 2014-04-28 17_02_39">
      <DeploymentItem filename="D:\git_file\yuanxing3\Prototype2.0\Prototype2.0\bin\Debug\Prototype2.0.exe" />
    </Deployment>
    <Execution>
      <TestTypeSpecific />
      <AgentRule name="Execution Agents">
      </AgentRule>
    </Execution>
  </TestSettings>
  <Times creation="2014-04-28T17:02:39.8042642+08:00" queuing="2014-04-28T17:02:39.8392662+08:00" start="2014-04-28T17:02:39.8552672+08:00" finish="2014-04-28T17:02:40.3092931+08:00" />
  <ResultSummary outcome="Failed">
    <Counters total="4" executed="4" passed="3" error="0" failed="1" timeout="0" aborted="0" inconclusive="0" passedButRunAborted="0" notRunnable="0" notExecuted="0" disconnected="0" warning="0" completed="0" inProgress="0" pending="0" />
    <RunInfos>
      <RunInfo computerName="WGC-PC" outcome="Warning" timestamp="2014-04-28T17:02:39.8392662+08:00">
        <Text>当前已禁用部署。未部署测试“UnitTest.mainTest.button1_ClickTest”中的部署项“Prototype2.0.exe”。</Text>
      </RunInfo>
    </RunInfos>
  </ResultSummary>
  <TestDefinitions>
    <UnitTest name="button1_ClickTest" storage="d:\git_file\yuanxing3\prototype2.0\unittest\bin\debug\unittest.dll" id="7e369f75-ca60-28a5-209b-ebfa6ffd65b1">
      <DeploymentItems>
        <DeploymentItem filename="Prototype2.0.exe" />
      </DeploymentItems>
      <Execution id="b10f4921-8fb7-4e16-9157-0a67efb994d2" />
      <TestMethod codeBase="D:/git_file/yuanxing3/Prototype2.0/UnitTest/bin/Debug/UnitTest.DLL" adapterTypeName="Microsoft.VisualStudio.TestTools.TestTypes.Unit.UnitTestAdapter, Microsoft.VisualStudio.QualityTools.Tips.UnitTest.Adapter, Version=10.0.0.0, Culture=neutral, PublicKeyToken=b03f5f7f11d50a3a" className="UnitTest.mainTest, UnitTest, Version=1.0.0.0, Culture=neutral, PublicKeyToken=null" name="button1_ClickTest" />
    </UnitTest>
    <UnitTest name="button1_Click_1Test" storage="d:\git_file\yuanxing3\prototype2.0\unittest\bin\debug\unittest.dll" id="c161caaf-1757-fbd4-151f-e499d9aa44ff">
      <DeploymentItems>
        <DeploymentItem filename="Prototype2.0.exe" />
      </DeploymentItems>
      <Execution id="9a7f0168-7756-4e03-a64f-44d04e15a372" />
      <TestMethod codeBase="D:/git_file/yuanxing3/Prototype2.0/UnitTest/bin/Debug/UnitTest.DLL" adapterTypeName="Microsoft.VisualStudio.TestTools.TestTypes.Unit.UnitTestAdapter, Microsoft.VisualStudio.QualityTools.Tips.UnitTest.Adapter, Version=10.0.0.0, Culture=neutral, PublicKeyToken=b03f5f7f11d50a3a" className="UnitTest.mainTest, UnitTest, Version=1.0.0.0, Culture=neutral, PublicKeyToken=null" name="button1_Click_1Test" />
    </UnitTest>
    <UnitTest name="ShowPanelTest" storage="d:\git_file\yuanxing3\prototype2.0\unittest\bin\debug\unittest.dll" id="c5fea2f7-ef96-a3bf-dcf6-b7d763bf7ffd">
      <DeploymentItems>
        <DeploymentItem filename="Prototype2.0.exe" />
      </DeploymentItems>
      <Execution id="60c76cac-74d4-4833-abc1-14e31bdb2bbf" />
      <TestMethod codeBase="D:/git_file/yuanxing3/Prototype2.0/UnitTest/bin/Debug/UnitTest.DLL" adapterTypeName="Microsoft.VisualStudio.TestTools.TestTypes.Unit.UnitTestAdapter, Microsoft.VisualStudio.QualityTools.Tips.UnitTest.Adapter, Version=10.0.0.0, Culture=neutral, PublicKeyToken=b03f5f7f11d50a3a" className="UnitTest.mainTest, UnitTest, Version=1.0.0.0, Culture=neutral, PublicKeyToken=null" name="ShowPanelTest" />
    </UnitTest>
    <UnitTest name="button2_ClickTest" storage="d:\git_file\yuanxing3\prototype2.0\unittest\bin\debug\unittest.dll" id="0b28c363-cfc5-f5fd-9f67-bbc95cde2066">
      <DeploymentItems>
        <DeploymentItem filename="Prototype2.0.exe" />
      </DeploymentItems>
      <Execution id="781759a5-a49e-4251-9972-bc01f708a461" />
      <TestMethod codeBase="D:/git_file/yuanxing3/Prototype2.0/UnitTest/bin/Debug/UnitTest.DLL" adapterTypeName="Microsoft.VisualStudio.TestTools.TestTypes.Unit.UnitTestAdapter, Microsoft.VisualStudio.QualityTools.Tips.UnitTest.Adapter, Version=10.0.0.0, Culture=neutral, PublicKeyToken=b03f5f7f11d50a3a" className="UnitTest.mainTest, UnitTest, Version=1.0.0.0, Culture=neutral, PublicKeyToken=null" name="button2_ClickTest" />
    </UnitTest>
  </TestDefinitions>
  <TestLists>
    <TestList name="列表中未列出的结果" id="8c84fa94-04c1-424b-9868-57a2d4851a1d" />
    <TestList name="所有已加载的结果" id="19431567-8539-422a-85d7-44ee4e166bda" />
  </TestLists>
  <TestEntries>
    <TestEntry testId="c5fea2f7-ef96-a3bf-dcf6-b7d763bf7ffd" executionId="60c76cac-74d4-4833-abc1-14e31bdb2bbf" testListId="8c84fa94-04c1-424b-9868-57a2d4851a1d" />
    <TestEntry testId="7e369f75-ca60-28a5-209b-ebfa6ffd65b1" executionId="b10f4921-8fb7-4e16-9157-0a67efb994d2" testListId="8c84fa94-04c1-424b-9868-57a2d4851a1d" />
    <TestEntry testId="c161caaf-1757-fbd4-151f-e499d9aa44ff" executionId="9a7f0168-7756-4e03-a64f-44d04e15a372" testListId="8c84fa94-04c1-424b-9868-57a2d4851a1d" />
    <TestEntry testId="0b28c363-cfc5-f5fd-9f67-bbc95cde2066" executionId="781759a5-a49e-4251-9972-bc01f708a461" testListId="8c84fa94-04c1-424b-9868-57a2d4851a1d" />
  </TestEntries>
  <Results>
    <UnitTestResult executionId="60c76cac-74d4-4833-abc1-14e31bdb2bbf" testId="c5fea2f7-ef96-a3bf-dcf6-b7d763bf7ffd" testName="ShowPanelTest" computerName="WGC-PC" duration="00:00:00.1248298" startTime="2014-04-28T17:02:39.8632676+08:00" endTime="2014-04-28T17:02:40.1842860+08:00" testType="13cdc9d9-ddb5-4fa4-a97d-d965ccfc6d4b" outcome="Failed" testListId="8c84fa94-04c1-424b-9868-57a2d4851a1d" relativeResultsDirectory="60c76cac-74d4-4833-abc1-14e31bdb2bbf">
      <Output>
        <ErrorInfo>
          <Message>测试方法 UnitTest.mainTest.ShowPanelTest 引发了异常: 
System.ArgumentOutOfRangeException: 索引超出范围。必须为非负值并小于集合大小。
参数名: index</Message>
          <StackTrace>   在 Prototype2._0.main_Accessor.ShowPanel(Int32 index)
   在 UnitTest.mainTest.ShowPanelTest() 位置 D:\git_file\yuanxing3\Prototype2.0\UnitTest\mainTest.cs:行号 241
</StackTrace>
        </ErrorInfo>
      </Output>
    </UnitTestResult>
    <UnitTestResult executionId="b10f4921-8fb7-4e16-9157-0a67efb994d2" testId="7e369f75-ca60-28a5-209b-ebfa6ffd65b1" testName="button1_ClickTest" computerName="WGC-PC" duration="00:00:00.0262363" startTime="2014-04-28T17:02:40.1872861+08:00" endTime="2014-04-28T17:02:40.2192880+08:00" testType="13cdc9d9-ddb5-4fa4-a97d-d965ccfc6d4b" outcome="Passed" testListId="8c84fa94-04c1-424b-9868-57a2d4851a1d" relativeResultsDirectory="b10f4921-8fb7-4e16-9157-0a67efb994d2">
    </UnitTestResult>
    <UnitTestResult executionId="9a7f0168-7756-4e03-a64f-44d04e15a372" testId="c161caaf-1757-fbd4-151f-e499d9aa44ff" testName="button1_Click_1Test" computerName="WGC-PC" duration="00:00:00.0250778" startTime="2014-04-28T17:02:40.2212881+08:00" endTime="2014-04-28T17:02:40.2532899+08:00" testType="13cdc9d9-ddb5-4fa4-a97d-d965ccfc6d4b" outcome="Passed" testListId="8c84fa94-04c1-424b-9868-57a2d4851a1d" relativeResultsDirectory="9a7f0168-7756-4e03-a64f-44d04e15a372">
    </UnitTestResult>
    <UnitTestResult executionId="781759a5-a49e-4251-9972-bc01f708a461" testId="0b28c363-cfc5-f5fd-9f67-bbc95cde2066" testName="button2_ClickTest" computerName="WGC-PC" duration="00:00:00.0311012" startTime="2014-04-28T17:02:40.2542900+08:00" endTime="2014-04-28T17:02:40.2902920+08:00" testType="13cdc9d9-ddb5-4fa4-a97d-d965ccfc6d4b" outcome="Passed" testListId="8c84fa94-04c1-424b-9868-57a2d4851a1d" relativeResultsDirectory="781759a5-a49e-4251-9972-bc01f708a461">
    </UnitTestResult>
  </Results>
</TestRun>