<?xml version="1.0" encoding="UTF-8"?>
<TestRun id="44cf0c0d-2773-43f4-a685-1f73dc5ef4da" name="WGC@WGC-PC 2014-05-05 17:55:47" runUser="WGC-PC\WGC" xmlns="http://microsoft.com/schemas/VisualStudio/TeamTest/2010">
  <TestSettings name="本地" id="15eaff23-6fdd-4e4a-895b-27afa8f22191">
    <Description>这些设置为本地测试运行的默认测试设置。</Description>
    <Deployment enabled="false" runDeploymentRoot="WGC_WGC-PC 2014-05-05 17_55_47">
      <DeploymentItem filename="D:\git_file\yuanxing5\Prototype2.0\Prototype2.0\bin\Debug\Prototype2.0.exe" />
    </Deployment>
    <Execution>
      <TestTypeSpecific />
      <AgentRule name="Execution Agents">
      </AgentRule>
    </Execution>
  </TestSettings>
  <Times creation="2014-05-05T17:55:47.8017051+08:00" queuing="2014-05-05T17:55:47.8173051+08:00" start="2014-05-05T17:55:47.8329052+08:00" finish="2014-05-05T17:55:48.6909067+08:00" />
  <ResultSummary outcome="Warning">
    <Counters total="17" executed="17" passed="17" error="0" failed="0" timeout="0" aborted="0" inconclusive="0" passedButRunAborted="0" notRunnable="0" notExecuted="0" disconnected="0" warning="0" completed="0" inProgress="0" pending="0" />
    <RunInfos>
      <RunInfo computerName="WGC-PC" outcome="Warning" timestamp="2014-05-05T17:55:47.8173051+08:00">
        <Text>当前已禁用部署。未部署测试“UnitTest.settingsTest.settings_LoadTest”中的部署项“Prototype2.0.exe”。</Text>
      </RunInfo>
    </RunInfos>
  </ResultSummary>
  <TestDefinitions>
    <UnitTest name="settings_LoadTest" storage="d:\git_file\yuanxing5\prototype2.0\unittest\bin\debug\unittest.dll" id="7ab3a32f-4dc9-ffea-ce42-a3a6b7d3b9be">
      <DeploymentItems>
        <DeploymentItem filename="Prototype2.0.exe" />
      </DeploymentItems>
      <Execution id="f7df5a34-6633-4160-bb03-9f57621ac5f2" />
      <TestMethod codeBase="D:/git_file/yuanxing5/Prototype2.0/UnitTest/bin/Debug/UnitTest.DLL" adapterTypeName="Microsoft.VisualStudio.TestTools.TestTypes.Unit.UnitTestAdapter, Microsoft.VisualStudio.QualityTools.Tips.UnitTest.Adapter, Version=10.0.0.0, Culture=neutral, PublicKeyToken=b03f5f7f11d50a3a" className="UnitTest.settingsTest, UnitTest, Version=1.0.0.0, Culture=neutral, PublicKeyToken=null" name="settings_LoadTest" />
    </UnitTest>
    <UnitTest name="button_exit_ClickTest" storage="d:\git_file\yuanxing5\prototype2.0\unittest\bin\debug\unittest.dll" id="4da2c7b5-0149-9021-57fb-a840a852006f">
      <DeploymentItems>
        <DeploymentItem filename="Prototype2.0.exe" />
      </DeploymentItems>
      <Execution id="d5eda120-d076-4b05-90b9-6d82dbfc1e0d" />
      <TestMethod codeBase="D:/git_file/yuanxing5/Prototype2.0/UnitTest/bin/Debug/UnitTest.DLL" adapterTypeName="Microsoft.VisualStudio.TestTools.TestTypes.Unit.UnitTestAdapter, Microsoft.VisualStudio.QualityTools.Tips.UnitTest.Adapter, Version=10.0.0.0, Culture=neutral, PublicKeyToken=b03f5f7f11d50a3a" className="UnitTest.mainTest, UnitTest, Version=1.0.0.0, Culture=neutral, PublicKeyToken=null" name="button_exit_ClickTest" />
    </UnitTest>
    <UnitTest name="main_MouseDownTest" storage="d:\git_file\yuanxing5\prototype2.0\unittest\bin\debug\unittest.dll" id="3d0108a4-8021-3e46-d6f0-6483f59f6e9f">
      <DeploymentItems>
        <DeploymentItem filename="Prototype2.0.exe" />
      </DeploymentItems>
      <Execution id="1e829c8b-e5a8-4b00-ac8c-76495c4fb4ea" />
      <TestMethod codeBase="D:/git_file/yuanxing5/Prototype2.0/UnitTest/bin/Debug/UnitTest.DLL" adapterTypeName="Microsoft.VisualStudio.TestTools.TestTypes.Unit.UnitTestAdapter, Microsoft.VisualStudio.QualityTools.Tips.UnitTest.Adapter, Version=10.0.0.0, Culture=neutral, PublicKeyToken=b03f5f7f11d50a3a" className="UnitTest.mainTest, UnitTest, Version=1.0.0.0, Culture=neutral, PublicKeyToken=null" name="main_MouseDownTest" />
    </UnitTest>
    <UnitTest name="mainConstructorTest" storage="d:\git_file\yuanxing5\prototype2.0\unittest\bin\debug\unittest.dll" id="c7167a1f-f5b0-cae6-8d37-128f24b014c1">
      <Execution id="569453e0-f16b-4333-bb5e-f48c1aa32e64" />
      <TestMethod codeBase="D:/git_file/yuanxing5/Prototype2.0/UnitTest/bin/Debug/UnitTest.DLL" adapterTypeName="Microsoft.VisualStudio.TestTools.TestTypes.Unit.UnitTestAdapter, Microsoft.VisualStudio.QualityTools.Tips.UnitTest.Adapter, Version=10.0.0.0, Culture=neutral, PublicKeyToken=b03f5f7f11d50a3a" className="UnitTest.mainTest, UnitTest, Version=1.0.0.0, Culture=neutral, PublicKeyToken=null" name="mainConstructorTest" />
    </UnitTest>
    <UnitTest name="getRecommandTest" storage="d:\git_file\yuanxing5\prototype2.0\unittest\bin\debug\unittest.dll" id="5436548b-eea2-6bff-3495-eae5881c6993">
      <DeploymentItems>
        <DeploymentItem filename="Prototype2.0.exe" />
      </DeploymentItems>
      <Execution id="ce21d894-ca68-40ca-8510-fa4a7a5c2958" />
      <TestMethod codeBase="D:/git_file/yuanxing5/Prototype2.0/UnitTest/bin/Debug/UnitTest.DLL" adapterTypeName="Microsoft.VisualStudio.TestTools.TestTypes.Unit.UnitTestAdapter, Microsoft.VisualStudio.QualityTools.Tips.UnitTest.Adapter, Version=10.0.0.0, Culture=neutral, PublicKeyToken=b03f5f7f11d50a3a" className="UnitTest.mainTest, UnitTest, Version=1.0.0.0, Culture=neutral, PublicKeyToken=null" name="getRecommandTest" />
    </UnitTest>
    <UnitTest name="settingsConstructorTest" storage="d:\git_file\yuanxing5\prototype2.0\unittest\bin\debug\unittest.dll" id="8f2afcd6-2429-a959-7d0f-51c9c47ba0c4">
      <Execution id="c04cfd41-92c3-45c7-af50-5a958bda3a34" />
      <TestMethod codeBase="D:/git_file/yuanxing5/Prototype2.0/UnitTest/bin/Debug/UnitTest.DLL" adapterTypeName="Microsoft.VisualStudio.TestTools.TestTypes.Unit.UnitTestAdapter, Microsoft.VisualStudio.QualityTools.Tips.UnitTest.Adapter, Version=10.0.0.0, Culture=neutral, PublicKeyToken=b03f5f7f11d50a3a" className="UnitTest.settingsTest, UnitTest, Version=1.0.0.0, Culture=neutral, PublicKeyToken=null" name="settingsConstructorTest" />
    </UnitTest>
    <UnitTest name="DisposeTest" storage="d:\git_file\yuanxing5\prototype2.0\unittest\bin\debug\unittest.dll" id="ce781e78-5754-4c40-2ec9-91d6709c1c43">
      <DeploymentItems>
        <DeploymentItem filename="Prototype2.0.exe" />
      </DeploymentItems>
      <Execution id="63d8f685-eccb-481d-92e3-76ee08577576" />
      <TestMethod codeBase="D:/git_file/yuanxing5/Prototype2.0/UnitTest/bin/Debug/UnitTest.DLL" adapterTypeName="Microsoft.VisualStudio.TestTools.TestTypes.Unit.UnitTestAdapter, Microsoft.VisualStudio.QualityTools.Tips.UnitTest.Adapter, Version=10.0.0.0, Culture=neutral, PublicKeyToken=b03f5f7f11d50a3a" className="UnitTest.mainTest, UnitTest, Version=1.0.0.0, Culture=neutral, PublicKeyToken=null" name="DisposeTest" />
    </UnitTest>
    <UnitTest name="main_LoadTest" storage="d:\git_file\yuanxing5\prototype2.0\unittest\bin\debug\unittest.dll" id="b7d84e66-ffbd-4644-d256-f079fe5b23ea">
      <DeploymentItems>
        <DeploymentItem filename="Prototype2.0.exe" />
      </DeploymentItems>
      <Execution id="68a02736-309f-4f51-80bb-e046739469e1" />
      <TestMethod codeBase="D:/git_file/yuanxing5/Prototype2.0/UnitTest/bin/Debug/UnitTest.DLL" adapterTypeName="Microsoft.VisualStudio.TestTools.TestTypes.Unit.UnitTestAdapter, Microsoft.VisualStudio.QualityTools.Tips.UnitTest.Adapter, Version=10.0.0.0, Culture=neutral, PublicKeyToken=b03f5f7f11d50a3a" className="UnitTest.mainTest, UnitTest, Version=1.0.0.0, Culture=neutral, PublicKeyToken=null" name="main_LoadTest" />
    </UnitTest>
    <UnitTest name="RefleshMenuTest" storage="d:\git_file\yuanxing5\prototype2.0\unittest\bin\debug\unittest.dll" id="851fadc4-eb68-7130-2e60-f8183f2faff9">
      <DeploymentItems>
        <DeploymentItem filename="Prototype2.0.exe" />
      </DeploymentItems>
      <Execution id="69a7422e-4cfa-422f-9723-4ae3d37217ce" />
      <TestMethod codeBase="D:/git_file/yuanxing5/Prototype2.0/UnitTest/bin/Debug/UnitTest.DLL" adapterTypeName="Microsoft.VisualStudio.TestTools.TestTypes.Unit.UnitTestAdapter, Microsoft.VisualStudio.QualityTools.Tips.UnitTest.Adapter, Version=10.0.0.0, Culture=neutral, PublicKeyToken=b03f5f7f11d50a3a" className="UnitTest.settingsTest, UnitTest, Version=1.0.0.0, Culture=neutral, PublicKeyToken=null" name="RefleshMenuTest" />
    </UnitTest>
    <UnitTest name="button1_ClickTest" storage="d:\git_file\yuanxing5\prototype2.0\unittest\bin\debug\unittest.dll" id="7e369f75-ca60-28a5-209b-ebfa6ffd65b1">
      <DeploymentItems>
        <DeploymentItem filename="Prototype2.0.exe" />
      </DeploymentItems>
      <Execution id="df473416-8461-451a-bb0d-6111ee5629f6" />
      <TestMethod codeBase="D:/git_file/yuanxing5/Prototype2.0/UnitTest/bin/Debug/UnitTest.DLL" adapterTypeName="Microsoft.VisualStudio.TestTools.TestTypes.Unit.UnitTestAdapter, Microsoft.VisualStudio.QualityTools.Tips.UnitTest.Adapter, Version=10.0.0.0, Culture=neutral, PublicKeyToken=b03f5f7f11d50a3a" className="UnitTest.mainTest, UnitTest, Version=1.0.0.0, Culture=neutral, PublicKeyToken=null" name="button1_ClickTest" />
    </UnitTest>
    <UnitTest name="DisplayConstructorTest" storage="d:\git_file\yuanxing5\prototype2.0\unittest\bin\debug\unittest.dll" id="7592f856-c36a-dc66-728e-5425f89ffc94">
      <Execution id="18e3a8c4-0936-4fcd-9f77-86a6ecf0bb84" />
      <TestMethod codeBase="D:/git_file/yuanxing5/Prototype2.0/UnitTest/bin/Debug/UnitTest.DLL" adapterTypeName="Microsoft.VisualStudio.TestTools.TestTypes.Unit.UnitTestAdapter, Microsoft.VisualStudio.QualityTools.Tips.UnitTest.Adapter, Version=10.0.0.0, Culture=neutral, PublicKeyToken=b03f5f7f11d50a3a" className="UnitTest.DisplayTest, UnitTest, Version=1.0.0.0, Culture=neutral, PublicKeyToken=null" name="DisplayConstructorTest" />
    </UnitTest>
    <UnitTest name="button2_ClickTest" storage="d:\git_file\yuanxing5\prototype2.0\unittest\bin\debug\unittest.dll" id="0b28c363-cfc5-f5fd-9f67-bbc95cde2066">
      <DeploymentItems>
        <DeploymentItem filename="Prototype2.0.exe" />
      </DeploymentItems>
      <Execution id="8013ddc3-57bc-40ad-91c8-9111edd3822f" />
      <TestMethod codeBase="D:/git_file/yuanxing5/Prototype2.0/UnitTest/bin/Debug/UnitTest.DLL" adapterTypeName="Microsoft.VisualStudio.TestTools.TestTypes.Unit.UnitTestAdapter, Microsoft.VisualStudio.QualityTools.Tips.UnitTest.Adapter, Version=10.0.0.0, Culture=neutral, PublicKeyToken=b03f5f7f11d50a3a" className="UnitTest.mainTest, UnitTest, Version=1.0.0.0, Culture=neutral, PublicKeyToken=null" name="button2_ClickTest" />
    </UnitTest>
    <UnitTest name="GetWebContentTest" storage="d:\git_file\yuanxing5\prototype2.0\unittest\bin\debug\unittest.dll" id="b1f1b81b-8e2a-4be7-8216-eaebbc7e5353">
      <Execution id="72514ac5-00ce-4ca8-8c0a-9a7c27aa0d73" />
      <TestMethod codeBase="D:/git_file/yuanxing5/Prototype2.0/UnitTest/bin/Debug/UnitTest.DLL" adapterTypeName="Microsoft.VisualStudio.TestTools.TestTypes.Unit.UnitTestAdapter, Microsoft.VisualStudio.QualityTools.Tips.UnitTest.Adapter, Version=10.0.0.0, Culture=neutral, PublicKeyToken=b03f5f7f11d50a3a" className="UnitTest.WebServiceTest, UnitTest, Version=1.0.0.0, Culture=neutral, PublicKeyToken=null" name="GetWebContentTest" />
    </UnitTest>
    <UnitTest name="button1_Click_1Test" storage="d:\git_file\yuanxing5\prototype2.0\unittest\bin\debug\unittest.dll" id="c161caaf-1757-fbd4-151f-e499d9aa44ff">
      <DeploymentItems>
        <DeploymentItem filename="Prototype2.0.exe" />
      </DeploymentItems>
      <Execution id="d942e5dd-4f91-45d5-8686-4dca2cfeb17f" />
      <TestMethod codeBase="D:/git_file/yuanxing5/Prototype2.0/UnitTest/bin/Debug/UnitTest.DLL" adapterTypeName="Microsoft.VisualStudio.TestTools.TestTypes.Unit.UnitTestAdapter, Microsoft.VisualStudio.QualityTools.Tips.UnitTest.Adapter, Version=10.0.0.0, Culture=neutral, PublicKeyToken=b03f5f7f11d50a3a" className="UnitTest.mainTest, UnitTest, Version=1.0.0.0, Culture=neutral, PublicKeyToken=null" name="button1_Click_1Test" />
    </UnitTest>
    <UnitTest name="WebServiceConstructorTest" storage="d:\git_file\yuanxing5\prototype2.0\unittest\bin\debug\unittest.dll" id="430cfa07-be66-8def-ab91-9ebd2e390792">
      <Execution id="26e27004-2338-4812-8887-0190c87a071b" />
      <TestMethod codeBase="D:/git_file/yuanxing5/Prototype2.0/UnitTest/bin/Debug/UnitTest.DLL" adapterTypeName="Microsoft.VisualStudio.TestTools.TestTypes.Unit.UnitTestAdapter, Microsoft.VisualStudio.QualityTools.Tips.UnitTest.Adapter, Version=10.0.0.0, Culture=neutral, PublicKeyToken=b03f5f7f11d50a3a" className="UnitTest.WebServiceTest, UnitTest, Version=1.0.0.0, Culture=neutral, PublicKeyToken=null" name="WebServiceConstructorTest" />
    </UnitTest>
    <UnitTest name="SendMessageTest" storage="d:\git_file\yuanxing5\prototype2.0\unittest\bin\debug\unittest.dll" id="6280871f-a36f-02b9-19c1-ae2bd4c915ce">
      <Execution id="e0df14ec-9e48-4b27-aeab-f952cc59952d" />
      <TestMethod codeBase="D:/git_file/yuanxing5/Prototype2.0/UnitTest/bin/Debug/UnitTest.DLL" adapterTypeName="Microsoft.VisualStudio.TestTools.TestTypes.Unit.UnitTestAdapter, Microsoft.VisualStudio.QualityTools.Tips.UnitTest.Adapter, Version=10.0.0.0, Culture=neutral, PublicKeyToken=b03f5f7f11d50a3a" className="UnitTest.mainTest, UnitTest, Version=1.0.0.0, Culture=neutral, PublicKeyToken=null" name="SendMessageTest" />
    </UnitTest>
    <UnitTest name="DisposeTest" storage="d:\git_file\yuanxing5\prototype2.0\unittest\bin\debug\unittest.dll" id="cd7e107a-f302-34f2-b27f-f76c9a44e19a">
      <DeploymentItems>
        <DeploymentItem filename="Prototype2.0.exe" />
      </DeploymentItems>
      <Execution id="d0134214-a8e3-496d-8ec1-bb7dfac8027a" />
      <TestMethod codeBase="D:/git_file/yuanxing5/Prototype2.0/UnitTest/bin/Debug/UnitTest.DLL" adapterTypeName="Microsoft.VisualStudio.TestTools.TestTypes.Unit.UnitTestAdapter, Microsoft.VisualStudio.QualityTools.Tips.UnitTest.Adapter, Version=10.0.0.0, Culture=neutral, PublicKeyToken=b03f5f7f11d50a3a" className="UnitTest.settingsTest, UnitTest, Version=1.0.0.0, Culture=neutral, PublicKeyToken=null" name="DisposeTest" />
    </UnitTest>
  </TestDefinitions>
  <TestLists>
    <TestList name="列表中未列出的结果" id="8c84fa94-04c1-424b-9868-57a2d4851a1d" />
    <TestList name="所有已加载的结果" id="19431567-8539-422a-85d7-44ee4e166bda" />
  </TestLists>
  <TestEntries>
    <TestEntry testId="430cfa07-be66-8def-ab91-9ebd2e390792" executionId="26e27004-2338-4812-8887-0190c87a071b" testListId="8c84fa94-04c1-424b-9868-57a2d4851a1d" />
    <TestEntry testId="4da2c7b5-0149-9021-57fb-a840a852006f" executionId="d5eda120-d076-4b05-90b9-6d82dbfc1e0d" testListId="8c84fa94-04c1-424b-9868-57a2d4851a1d" />
    <TestEntry testId="851fadc4-eb68-7130-2e60-f8183f2faff9" executionId="69a7422e-4cfa-422f-9723-4ae3d37217ce" testListId="8c84fa94-04c1-424b-9868-57a2d4851a1d" />
    <TestEntry testId="b7d84e66-ffbd-4644-d256-f079fe5b23ea" executionId="68a02736-309f-4f51-80bb-e046739469e1" testListId="8c84fa94-04c1-424b-9868-57a2d4851a1d" />
    <TestEntry testId="7e369f75-ca60-28a5-209b-ebfa6ffd65b1" executionId="df473416-8461-451a-bb0d-6111ee5629f6" testListId="8c84fa94-04c1-424b-9868-57a2d4851a1d" />
    <TestEntry testId="ce781e78-5754-4c40-2ec9-91d6709c1c43" executionId="63d8f685-eccb-481d-92e3-76ee08577576" testListId="8c84fa94-04c1-424b-9868-57a2d4851a1d" />
    <TestEntry testId="7592f856-c36a-dc66-728e-5425f89ffc94" executionId="18e3a8c4-0936-4fcd-9f77-86a6ecf0bb84" testListId="8c84fa94-04c1-424b-9868-57a2d4851a1d" />
    <TestEntry testId="b1f1b81b-8e2a-4be7-8216-eaebbc7e5353" executionId="72514ac5-00ce-4ca8-8c0a-9a7c27aa0d73" testListId="8c84fa94-04c1-424b-9868-57a2d4851a1d" />
    <TestEntry testId="3d0108a4-8021-3e46-d6f0-6483f59f6e9f" executionId="1e829c8b-e5a8-4b00-ac8c-76495c4fb4ea" testListId="8c84fa94-04c1-424b-9868-57a2d4851a1d" />
    <TestEntry testId="cd7e107a-f302-34f2-b27f-f76c9a44e19a" executionId="d0134214-a8e3-496d-8ec1-bb7dfac8027a" testListId="8c84fa94-04c1-424b-9868-57a2d4851a1d" />
    <TestEntry testId="6280871f-a36f-02b9-19c1-ae2bd4c915ce" executionId="e0df14ec-9e48-4b27-aeab-f952cc59952d" testListId="8c84fa94-04c1-424b-9868-57a2d4851a1d" />
    <TestEntry testId="c161caaf-1757-fbd4-151f-e499d9aa44ff" executionId="d942e5dd-4f91-45d5-8686-4dca2cfeb17f" testListId="8c84fa94-04c1-424b-9868-57a2d4851a1d" />
    <TestEntry testId="7ab3a32f-4dc9-ffea-ce42-a3a6b7d3b9be" executionId="f7df5a34-6633-4160-bb03-9f57621ac5f2" testListId="8c84fa94-04c1-424b-9868-57a2d4851a1d" />
    <TestEntry testId="c7167a1f-f5b0-cae6-8d37-128f24b014c1" executionId="569453e0-f16b-4333-bb5e-f48c1aa32e64" testListId="8c84fa94-04c1-424b-9868-57a2d4851a1d" />
    <TestEntry testId="8f2afcd6-2429-a959-7d0f-51c9c47ba0c4" executionId="c04cfd41-92c3-45c7-af50-5a958bda3a34" testListId="8c84fa94-04c1-424b-9868-57a2d4851a1d" />
    <TestEntry testId="0b28c363-cfc5-f5fd-9f67-bbc95cde2066" executionId="8013ddc3-57bc-40ad-91c8-9111edd3822f" testListId="8c84fa94-04c1-424b-9868-57a2d4851a1d" />
    <TestEntry testId="5436548b-eea2-6bff-3495-eae5881c6993" executionId="ce21d894-ca68-40ca-8510-fa4a7a5c2958" testListId="8c84fa94-04c1-424b-9868-57a2d4851a1d" />
  </TestEntries>
  <Results>
    <UnitTestResult executionId="26e27004-2338-4812-8887-0190c87a071b" testId="430cfa07-be66-8def-ab91-9ebd2e390792" testName="WebServiceConstructorTest" computerName="WGC-PC" duration="00:00:00.0243863" startTime="2014-05-05T17:55:47.8485052+08:00" endTime="2014-05-05T17:55:48.1605057+08:00" testType="13cdc9d9-ddb5-4fa4-a97d-d965ccfc6d4b" outcome="Passed" testListId="8c84fa94-04c1-424b-9868-57a2d4851a1d" relativeResultsDirectory="26e27004-2338-4812-8887-0190c87a071b">
    </UnitTestResult>
    <UnitTestResult executionId="d5eda120-d076-4b05-90b9-6d82dbfc1e0d" testId="4da2c7b5-0149-9021-57fb-a840a852006f" testName="button_exit_ClickTest" computerName="WGC-PC" duration="00:00:00.1073107" startTime="2014-05-05T17:55:48.1605057+08:00" endTime="2014-05-05T17:55:48.2697059+08:00" testType="13cdc9d9-ddb5-4fa4-a97d-d965ccfc6d4b" outcome="Passed" testListId="8c84fa94-04c1-424b-9868-57a2d4851a1d" relativeResultsDirectory="d5eda120-d076-4b05-90b9-6d82dbfc1e0d">
    </UnitTestResult>
    <UnitTestResult executionId="69a7422e-4cfa-422f-9723-4ae3d37217ce" testId="851fadc4-eb68-7130-2e60-f8183f2faff9" testName="RefleshMenuTest" computerName="WGC-PC" duration="00:00:00.0295177" startTime="2014-05-05T17:55:48.2853060+08:00" endTime="2014-05-05T17:55:48.3165060+08:00" testType="13cdc9d9-ddb5-4fa4-a97d-d965ccfc6d4b" outcome="Passed" testListId="8c84fa94-04c1-424b-9868-57a2d4851a1d" relativeResultsDirectory="69a7422e-4cfa-422f-9723-4ae3d37217ce">
    </UnitTestResult>
    <UnitTestResult executionId="68a02736-309f-4f51-80bb-e046739469e1" testId="b7d84e66-ffbd-4644-d256-f079fe5b23ea" testName="main_LoadTest" computerName="WGC-PC" duration="00:00:00.0329701" startTime="2014-05-05T17:55:48.3165060+08:00" endTime="2014-05-05T17:55:48.3633061+08:00" testType="13cdc9d9-ddb5-4fa4-a97d-d965ccfc6d4b" outcome="Passed" testListId="8c84fa94-04c1-424b-9868-57a2d4851a1d" relativeResultsDirectory="68a02736-309f-4f51-80bb-e046739469e1">
    </UnitTestResult>
    <UnitTestResult executionId="df473416-8461-451a-bb0d-6111ee5629f6" testId="7e369f75-ca60-28a5-209b-ebfa6ffd65b1" testName="button1_ClickTest" computerName="WGC-PC" duration="00:00:00.0250530" startTime="2014-05-05T17:55:48.3633061+08:00" endTime="2014-05-05T17:55:48.3945062+08:00" testType="13cdc9d9-ddb5-4fa4-a97d-d965ccfc6d4b" outcome="Passed" testListId="8c84fa94-04c1-424b-9868-57a2d4851a1d" relativeResultsDirectory="df473416-8461-451a-bb0d-6111ee5629f6">
    </UnitTestResult>
    <UnitTestResult executionId="63d8f685-eccb-481d-92e3-76ee08577576" testId="ce781e78-5754-4c40-2ec9-91d6709c1c43" testName="DisposeTest" computerName="WGC-PC" duration="00:00:00.0246938" startTime="2014-05-05T17:55:48.3945062+08:00" endTime="2014-05-05T17:55:48.4257062+08:00" testType="13cdc9d9-ddb5-4fa4-a97d-d965ccfc6d4b" outcome="Passed" testListId="8c84fa94-04c1-424b-9868-57a2d4851a1d" relativeResultsDirectory="63d8f685-eccb-481d-92e3-76ee08577576">
    </UnitTestResult>
    <UnitTestResult executionId="18e3a8c4-0936-4fcd-9f77-86a6ecf0bb84" testId="7592f856-c36a-dc66-728e-5425f89ffc94" testName="DisplayConstructorTest" computerName="WGC-PC" duration="00:00:00.0004357" startTime="2014-05-05T17:55:48.4257062+08:00" endTime="2014-05-05T17:55:48.4257062+08:00" testType="13cdc9d9-ddb5-4fa4-a97d-d965ccfc6d4b" outcome="Passed" testListId="8c84fa94-04c1-424b-9868-57a2d4851a1d" relativeResultsDirectory="18e3a8c4-0936-4fcd-9f77-86a6ecf0bb84">
    </UnitTestResult>
    <UnitTestResult executionId="72514ac5-00ce-4ca8-8c0a-9a7c27aa0d73" testId="b1f1b81b-8e2a-4be7-8216-eaebbc7e5353" testName="GetWebContentTest" computerName="WGC-PC" duration="00:00:00.0010507" startTime="2014-05-05T17:55:48.4257062+08:00" endTime="2014-05-05T17:55:48.4413062+08:00" testType="13cdc9d9-ddb5-4fa4-a97d-d965ccfc6d4b" outcome="Passed" testListId="8c84fa94-04c1-424b-9868-57a2d4851a1d" relativeResultsDirectory="72514ac5-00ce-4ca8-8c0a-9a7c27aa0d73">
    </UnitTestResult>
    <UnitTestResult executionId="1e829c8b-e5a8-4b00-ac8c-76495c4fb4ea" testId="3d0108a4-8021-3e46-d6f0-6483f59f6e9f" testName="main_MouseDownTest" computerName="WGC-PC" duration="00:00:00.0328067" startTime="2014-05-05T17:55:48.4413062+08:00" endTime="2014-05-05T17:55:48.4725063+08:00" testType="13cdc9d9-ddb5-4fa4-a97d-d965ccfc6d4b" outcome="Passed" testListId="8c84fa94-04c1-424b-9868-57a2d4851a1d" relativeResultsDirectory="1e829c8b-e5a8-4b00-ac8c-76495c4fb4ea">
    </UnitTestResult>
    <UnitTestResult executionId="d0134214-a8e3-496d-8ec1-bb7dfac8027a" testId="cd7e107a-f302-34f2-b27f-f76c9a44e19a" testName="DisposeTest" computerName="WGC-PC" duration="00:00:00.0104616" startTime="2014-05-05T17:55:48.4881063+08:00" endTime="2014-05-05T17:55:48.5037063+08:00" testType="13cdc9d9-ddb5-4fa4-a97d-d965ccfc6d4b" outcome="Passed" testListId="8c84fa94-04c1-424b-9868-57a2d4851a1d" relativeResultsDirectory="d0134214-a8e3-496d-8ec1-bb7dfac8027a">
    </UnitTestResult>
    <UnitTestResult executionId="e0df14ec-9e48-4b27-aeab-f952cc59952d" testId="6280871f-a36f-02b9-19c1-ae2bd4c915ce" testName="SendMessageTest" computerName="WGC-PC" duration="00:00:00.0003057" startTime="2014-05-05T17:55:48.5037063+08:00" endTime="2014-05-05T17:55:48.5037063+08:00" testType="13cdc9d9-ddb5-4fa4-a97d-d965ccfc6d4b" outcome="Passed" testListId="8c84fa94-04c1-424b-9868-57a2d4851a1d" relativeResultsDirectory="e0df14ec-9e48-4b27-aeab-f952cc59952d">
    </UnitTestResult>
    <UnitTestResult executionId="d942e5dd-4f91-45d5-8686-4dca2cfeb17f" testId="c161caaf-1757-fbd4-151f-e499d9aa44ff" testName="button1_Click_1Test" computerName="WGC-PC" duration="00:00:00.0247301" startTime="2014-05-05T17:55:48.5037063+08:00" endTime="2014-05-05T17:55:48.5349064+08:00" testType="13cdc9d9-ddb5-4fa4-a97d-d965ccfc6d4b" outcome="Passed" testListId="8c84fa94-04c1-424b-9868-57a2d4851a1d" relativeResultsDirectory="d942e5dd-4f91-45d5-8686-4dca2cfeb17f">
    </UnitTestResult>
    <UnitTestResult executionId="f7df5a34-6633-4160-bb03-9f57621ac5f2" testId="7ab3a32f-4dc9-ffea-ce42-a3a6b7d3b9be" testName="settings_LoadTest" computerName="WGC-PC" duration="00:00:00.0106668" startTime="2014-05-05T17:55:48.5349064+08:00" endTime="2014-05-05T17:55:48.5505064+08:00" testType="13cdc9d9-ddb5-4fa4-a97d-d965ccfc6d4b" outcome="Passed" testListId="8c84fa94-04c1-424b-9868-57a2d4851a1d" relativeResultsDirectory="f7df5a34-6633-4160-bb03-9f57621ac5f2">
    </UnitTestResult>
    <UnitTestResult executionId="569453e0-f16b-4333-bb5e-f48c1aa32e64" testId="c7167a1f-f5b0-cae6-8d37-128f24b014c1" testName="mainConstructorTest" computerName="WGC-PC" duration="00:00:00.0234617" startTime="2014-05-05T17:55:48.5505064+08:00" endTime="2014-05-05T17:55:48.5817065+08:00" testType="13cdc9d9-ddb5-4fa4-a97d-d965ccfc6d4b" outcome="Passed" testListId="8c84fa94-04c1-424b-9868-57a2d4851a1d" relativeResultsDirectory="569453e0-f16b-4333-bb5e-f48c1aa32e64">
    </UnitTestResult>
    <UnitTestResult executionId="c04cfd41-92c3-45c7-af50-5a958bda3a34" testId="8f2afcd6-2429-a959-7d0f-51c9c47ba0c4" testName="settingsConstructorTest" computerName="WGC-PC" duration="00:00:00.0090405" startTime="2014-05-05T17:55:48.5817065+08:00" endTime="2014-05-05T17:55:48.5973065+08:00" testType="13cdc9d9-ddb5-4fa4-a97d-d965ccfc6d4b" outcome="Passed" testListId="8c84fa94-04c1-424b-9868-57a2d4851a1d" relativeResultsDirectory="c04cfd41-92c3-45c7-af50-5a958bda3a34">
    </UnitTestResult>
    <UnitTestResult executionId="8013ddc3-57bc-40ad-91c8-9111edd3822f" testId="0b28c363-cfc5-f5fd-9f67-bbc95cde2066" testName="button2_ClickTest" computerName="WGC-PC" duration="00:00:00.0254588" startTime="2014-05-05T17:55:48.5973065+08:00" endTime="2014-05-05T17:55:48.6285066+08:00" testType="13cdc9d9-ddb5-4fa4-a97d-d965ccfc6d4b" outcome="Passed" testListId="8c84fa94-04c1-424b-9868-57a2d4851a1d" relativeResultsDirectory="8013ddc3-57bc-40ad-91c8-9111edd3822f">
    </UnitTestResult>
    <UnitTestResult executionId="ce21d894-ca68-40ca-8510-fa4a7a5c2958" testId="5436548b-eea2-6bff-3495-eae5881c6993" testName="getRecommandTest" computerName="WGC-PC" duration="00:00:00.0241276" startTime="2014-05-05T17:55:48.6285066+08:00" endTime="2014-05-05T17:55:48.6597066+08:00" testType="13cdc9d9-ddb5-4fa4-a97d-d965ccfc6d4b" outcome="Passed" testListId="8c84fa94-04c1-424b-9868-57a2d4851a1d" relativeResultsDirectory="ce21d894-ca68-40ca-8510-fa4a7a5c2958">
    </UnitTestResult>
  </Results>
</TestRun>